Buildfile: /home/openjdk/sources/jdk8_tl/jdk/make/eclipse/jdwpgen/build.xml

-pre-init:

-init-private:

-init-user:

-init-project:

-init-macrodef-property:

-do-init:

-post-init:

-init-check:

-init-macrodef-javac:

-init-macrodef-junit:

-init-debug-args:

-init-macrodef-nbjpda:

-init-macrodef-debug:

-init-macrodef-java:

-init-presetdef-jar:

init:

deps-jar:

-check-automatic-build:

-clean-after-automatic-build:

-verify-automatic-build:

-pre-pre-compile:
    [mkdir] Created dir: /home/openjdk/sources/jdk8_tl/jdk/make/eclipse/jdwpgen/build/classes

-pre-compile:

-compile-depend:

-do-compile:
    [javac] Compiling 54 source files to /home/openjdk/sources/jdk8_tl/jdk/make/eclipse/jdwpgen/build/classes
    [javac] warning: [path] bad path element "/does/not/exist": no such file or directory
    [javac] 1 warning

-post-compile:

compile:

-pre-pre-compile-test:

-pre-compile-test:

-compile-test-depend:

-do-compile-test:

-post-compile-test:

compile-test:

-pre-test-run:

-do-test-run:

test-report:

-post-test-run:

-test-browse:

test:

-pre-jar:

-pre-pre-jar:
    [mkdir] Created dir: /home/openjdk/sources/jdk8_tl/jdk/make/eclipse/jdwpgen/dist

-do-jar-with-manifest:

-do-jar-without-manifest:
[j2seproject1:jar] Building jar: /home/openjdk/sources/jdk8_tl/jdk/make/eclipse/jdwpgen/dist/jdwpgen.jar

-do-jar-with-mainclass:

-do-jar-with-libraries:

-post-jar:

jar:

-javadoc-build:
    [mkdir] Created dir: /home/openjdk/sources/jdk8_tl/jdk/make/eclipse/jdwpgen/dist/javadoc
  [javadoc] Warning: Leaving out empty argument '-windowtitle'
  [javadoc] Generating Javadoc
  [javadoc] Javadoc execution
  [javadoc] Loading source file /home/openjdk/sources/jdk8_tl/jdk/make/tools/src/build/tools/jdwpgen/AbstractCommandNode.java...
  [javadoc] Loading source file /home/openjdk/sources/jdk8_tl/jdk/make/tools/src/build/tools/jdwpgen/AbstractGroupNode.java...
  [javadoc] Loading source file /home/openjdk/sources/jdk8_tl/jdk/make/tools/src/build/tools/jdwpgen/AbstractNamedNode.java...
  [javadoc] Loading source file /home/openjdk/sources/jdk8_tl/jdk/make/tools/src/build/tools/jdwpgen/AbstractSimpleNode.java...
  [javadoc] Loading source file /home/openjdk/sources/jdk8_tl/jdk/make/tools/src/build/tools/jdwpgen/AbstractSimpleTypeNode.java...
  [javadoc] Loading source file /home/openjdk/sources/jdk8_tl/jdk/make/tools/src/build/tools/jdwpgen/AbstractTypeListNode.java...
  [javadoc] Loading source file /home/openjdk/sources/jdk8_tl/jdk/make/tools/src/build/tools/jdwpgen/AbstractTypeNode.java...
  [javadoc] Loading source file /home/openjdk/sources/jdk8_tl/jdk/make/tools/src/build/tools/jdwpgen/AltNode.java...
  [javadoc] Loading source file /home/openjdk/sources/jdk8_tl/jdk/make/tools/src/build/tools/jdwpgen/ArrayObjectTypeNode.java...
  [javadoc] Loading source file /home/openjdk/sources/jdk8_tl/jdk/make/tools/src/build/tools/jdwpgen/ArrayRegionTypeNode.java...
  [javadoc] Loading source file /home/openjdk/sources/jdk8_tl/jdk/make/tools/src/build/tools/jdwpgen/ArrayTypeNode.java...
  [javadoc] Loading source file /home/openjdk/sources/jdk8_tl/jdk/make/tools/src/build/tools/jdwpgen/BooleanTypeNode.java...
  [javadoc] Loading source file /home/openjdk/sources/jdk8_tl/jdk/make/tools/src/build/tools/jdwpgen/ByteTypeNode.java...
  [javadoc] Loading source file /home/openjdk/sources/jdk8_tl/jdk/make/tools/src/build/tools/jdwpgen/ClassLoaderObjectTypeNode.java...
  [javadoc] Loading source file /home/openjdk/sources/jdk8_tl/jdk/make/tools/src/build/tools/jdwpgen/ClassObjectTypeNode.java...
  [javadoc] Loading source file /home/openjdk/sources/jdk8_tl/jdk/make/tools/src/build/tools/jdwpgen/ClassTypeNode.java...
  [javadoc] Loading source file /home/openjdk/sources/jdk8_tl/jdk/make/tools/src/build/tools/jdwpgen/CommandNode.java...
  [javadoc] Loading source file /home/openjdk/sources/jdk8_tl/jdk/make/tools/src/build/tools/jdwpgen/CommandSetNode.java...
  [javadoc] Loading source file /home/openjdk/sources/jdk8_tl/jdk/make/tools/src/build/tools/jdwpgen/CommentNode.java...
  [javadoc] Loading source file /home/openjdk/sources/jdk8_tl/jdk/make/tools/src/build/tools/jdwpgen/ConstantNode.java...
  [javadoc] Loading source file /home/openjdk/sources/jdk8_tl/jdk/make/tools/src/build/tools/jdwpgen/ConstantSetNode.java...
  [javadoc] Loading source file /home/openjdk/sources/jdk8_tl/jdk/make/tools/src/build/tools/jdwpgen/Context.java...
  [javadoc] Loading source file /home/openjdk/sources/jdk8_tl/jdk/make/tools/src/build/tools/jdwpgen/ErrorNode.java...
  [javadoc] Loading source file /home/openjdk/sources/jdk8_tl/jdk/make/tools/src/build/tools/jdwpgen/ErrorSetNode.java...
  [javadoc] Loading source file /home/openjdk/sources/jdk8_tl/jdk/make/tools/src/build/tools/jdwpgen/EventNode.java...
  [javadoc] Loading source file /home/openjdk/sources/jdk8_tl/jdk/make/tools/src/build/tools/jdwpgen/FieldTypeNode.java...
  [javadoc] Loading source file /home/openjdk/sources/jdk8_tl/jdk/make/tools/src/build/tools/jdwpgen/FrameTypeNode.java...
  [javadoc] Loading source file /home/openjdk/sources/jdk8_tl/jdk/make/tools/src/build/tools/jdwpgen/GroupNode.java...
  [javadoc] Loading source file /home/openjdk/sources/jdk8_tl/jdk/make/tools/src/build/tools/jdwpgen/IntTypeNode.java...
  [javadoc] Loading source file /home/openjdk/sources/jdk8_tl/jdk/make/tools/src/build/tools/jdwpgen/InterfaceTypeNode.java...
  [javadoc] Loading source file /home/openjdk/sources/jdk8_tl/jdk/make/tools/src/build/tools/jdwpgen/LocationTypeNode.java...
  [javadoc] Loading source file /home/openjdk/sources/jdk8_tl/jdk/make/tools/src/build/tools/jdwpgen/LongTypeNode.java...
  [javadoc] Loading source file /home/openjdk/sources/jdk8_tl/jdk/make/tools/src/build/tools/jdwpgen/Main.java...
  [javadoc] Loading source file /home/openjdk/sources/jdk8_tl/jdk/make/tools/src/build/tools/jdwpgen/MethodTypeNode.java...
  [javadoc] Loading source file /home/openjdk/sources/jdk8_tl/jdk/make/tools/src/build/tools/jdwpgen/NameNode.java...
  [javadoc] Loading source file /home/openjdk/sources/jdk8_tl/jdk/make/tools/src/build/tools/jdwpgen/NameValueNode.java...
  [javadoc] Loading source file /home/openjdk/sources/jdk8_tl/jdk/make/tools/src/build/tools/jdwpgen/Node.java...
  [javadoc] Loading source file /home/openjdk/sources/jdk8_tl/jdk/make/tools/src/build/tools/jdwpgen/ObjectTypeNode.java...
  [javadoc] Loading source file /home/openjdk/sources/jdk8_tl/jdk/make/tools/src/build/tools/jdwpgen/OutNode.java...
  [javadoc] Loading source file /home/openjdk/sources/jdk8_tl/jdk/make/tools/src/build/tools/jdwpgen/Parse.java...
  [javadoc] Loading source file /home/openjdk/sources/jdk8_tl/jdk/make/tools/src/build/tools/jdwpgen/ReferenceIDTypeNode.java...
  [javadoc] Loading source file /home/openjdk/sources/jdk8_tl/jdk/make/tools/src/build/tools/jdwpgen/ReferenceTypeNode.java...
  [javadoc] Loading source file /home/openjdk/sources/jdk8_tl/jdk/make/tools/src/build/tools/jdwpgen/RepeatNode.java...
  [javadoc] Loading source file /home/openjdk/sources/jdk8_tl/jdk/make/tools/src/build/tools/jdwpgen/ReplyNode.java...
  [javadoc] Loading source file /home/openjdk/sources/jdk8_tl/jdk/make/tools/src/build/tools/jdwpgen/RootNode.java...
  [javadoc] Loading source file /home/openjdk/sources/jdk8_tl/jdk/make/tools/src/build/tools/jdwpgen/SelectNode.java...
  [javadoc] Loading source file /home/openjdk/sources/jdk8_tl/jdk/make/tools/src/build/tools/jdwpgen/StringObjectTypeNode.java...
  [javadoc] Loading source file /home/openjdk/sources/jdk8_tl/jdk/make/tools/src/build/tools/jdwpgen/StringTypeNode.java...
  [javadoc] Loading source file /home/openjdk/sources/jdk8_tl/jdk/make/tools/src/build/tools/jdwpgen/TaggedObjectTypeNode.java...
  [javadoc] Loading source file /home/openjdk/sources/jdk8_tl/jdk/make/tools/src/build/tools/jdwpgen/ThreadGroupObjectTypeNode.java...
  [javadoc] Loading source file /home/openjdk/sources/jdk8_tl/jdk/make/tools/src/build/tools/jdwpgen/ThreadObjectTypeNode.java...
  [javadoc] Loading source file /home/openjdk/sources/jdk8_tl/jdk/make/tools/src/build/tools/jdwpgen/TypeNode.java...
  [javadoc] Loading source file /home/openjdk/sources/jdk8_tl/jdk/make/tools/src/build/tools/jdwpgen/UntaggedValueTypeNode.java...
  [javadoc] Loading source file /home/openjdk/sources/jdk8_tl/jdk/make/tools/src/build/tools/jdwpgen/ValueTypeNode.java...
  [javadoc] Constructing Javadoc information...
  [javadoc] Standard Doclet version 1.7.0_09
  [javadoc] Building tree for all the packages and classes...
  [javadoc] Building index for all the packages and classes...
  [javadoc] Building index for all classes...

-javadoc-browse:

javadoc:

default:

BUILD SUCCESSFUL
Total time: 7 seconds
