Using java runtime at: /usr/lib/jvm/java-7-openjdk-i386/jre/
**********************************
* Simple java.c hack 
**********************************
* jre path: /usr/lib/jvm/java-7-openjdk-i386/jre/ 
* jvm path: /home/openjdk/sources/jdk8_tl/build/linux-x86-normal-server-release/hotspot/linux_i486_compiler2/product/libjvm.so 
* Jarfile: (null) 
* Classname: HelloWorld 
**********************************
[Loaded java.lang.Object from shared objects file]
[Loaded java.io.Serializable from shared objects file]
[Loaded java.lang.Comparable from shared objects file]
[Loaded java.lang.CharSequence from shared objects file]
[Loaded java.lang.String from shared objects file]
[Loaded java.lang.reflect.GenericDeclaration from shared objects file]
[Loaded java.lang.reflect.Type from shared objects file]
[Loaded java.lang.reflect.AnnotatedElement from shared objects file]
[Loaded java.lang.Class from shared objects file]
[Loaded java.lang.Cloneable from shared objects file]
[Loaded java.lang.ClassLoader from shared objects file]
[Loaded java.lang.System from shared objects file]
[Loaded java.lang.Throwable from shared objects file]
[Loaded java.lang.Error from shared objects file]
[Loaded java.lang.ThreadDeath from shared objects file]
[Loaded java.lang.Exception from shared objects file]
[Loaded java.lang.RuntimeException from shared objects file]
[Loaded java.security.ProtectionDomain from shared objects file]
[Loaded java.security.AccessControlContext from shared objects file]
[Loaded java.lang.ReflectiveOperationException from shared objects file]
[Loaded java.lang.ClassNotFoundException from shared objects file]
[Loaded java.lang.LinkageError from shared objects file]
[Loaded java.lang.NoClassDefFoundError from shared objects file]
[Loaded java.lang.ClassCastException from shared objects file]
[Loaded java.lang.ArrayStoreException from shared objects file]
[Loaded java.lang.VirtualMachineError from shared objects file]
[Loaded java.lang.OutOfMemoryError from shared objects file]
[Loaded java.lang.StackOverflowError from shared objects file]
[Loaded java.lang.IllegalMonitorStateException from shared objects file]
[Loaded java.lang.ref.Reference from shared objects file]
[Loaded java.lang.ref.SoftReference from shared objects file]
[Loaded java.lang.ref.WeakReference from shared objects file]
[Loaded java.lang.ref.FinalReference from shared objects file]
[Loaded java.lang.ref.PhantomReference from shared objects file]
[Loaded java.lang.ref.Finalizer from shared objects file]
[Loaded java.lang.Runnable from shared objects file]
[Loaded java.lang.Thread from shared objects file]
[Loaded java.lang.Thread$UncaughtExceptionHandler from shared objects file]
[Loaded java.lang.ThreadGroup from shared objects file]
[Loaded java.util.Dictionary from shared objects file]
[Loaded java.util.Map from shared objects file]
[Loaded java.util.Hashtable from shared objects file]
[Loaded java.util.Properties from shared objects file]
[Loaded java.lang.reflect.AccessibleObject from shared objects file]
[Loaded java.lang.reflect.Member from shared objects file]
[Loaded java.lang.reflect.Field from shared objects file]
[Loaded java.lang.reflect.Method from shared objects file]
[Loaded java.lang.reflect.Constructor from shared objects file]
[Loaded sun.reflect.MagicAccessorImpl from shared objects file]
[Loaded sun.reflect.MethodAccessor from shared objects file]
[Loaded sun.reflect.MethodAccessorImpl from shared objects file]
[Loaded sun.reflect.ConstructorAccessor from shared objects file]
[Loaded sun.reflect.ConstructorAccessorImpl from shared objects file]
[Loaded sun.reflect.DelegatingClassLoader from shared objects file]
[Loaded sun.reflect.ConstantPool from shared objects file]
[Loaded sun.reflect.FieldAccessor from shared objects file]
[Loaded sun.reflect.FieldAccessorImpl from shared objects file]
[Loaded sun.reflect.UnsafeFieldAccessorImpl from shared objects file]
[Loaded sun.reflect.UnsafeStaticFieldAccessorImpl from shared objects file]
[Loaded java.lang.invoke.MethodHandle from shared objects file]
[Loaded java.lang.invoke.MemberName from shared objects file]
[Loaded java.lang.invoke.MethodHandleNatives from shared objects file]
[Loaded java.lang.invoke.BoundMethodHandle from shared objects file]
[Loaded java.lang.invoke.AdapterMethodHandle from shared objects file]
[Loaded java.lang.invoke.DirectMethodHandle from shared objects file]
[Loaded java.lang.invoke.MethodType from shared objects file]
[Loaded java.lang.invoke.MethodTypeForm from shared objects file]
[Loaded java.lang.BootstrapMethodError from shared objects file]
[Loaded java.lang.invoke.WrongMethodTypeException from shared objects file]
[Loaded java.lang.invoke.CallSite from shared objects file]
[Loaded java.lang.invoke.CountingMethodHandle from shared objects file]
[Loaded java.lang.invoke.ConstantCallSite from shared objects file]
[Loaded java.lang.invoke.MutableCallSite from shared objects file]
[Loaded java.lang.invoke.VolatileCallSite from shared objects file]
[Loaded java.lang.Appendable from shared objects file]
[Loaded java.lang.AbstractStringBuilder from shared objects file]
[Loaded java.lang.StringBuffer from shared objects file]
[Loaded java.lang.StringBuilder from shared objects file]
[Loaded java.lang.StackTraceElement from shared objects file]
[Loaded java.nio.Buffer from shared objects file]
[Opened /usr/lib/jvm/java-7-openjdk-i386/jre/lib/rt.jar]
[Loaded java.lang.Boolean from shared objects file]
[Loaded java.lang.Character from shared objects file]
[Loaded java.lang.Number from shared objects file]
[Loaded java.lang.Float from shared objects file]
[Loaded java.lang.Double from shared objects file]
[Loaded java.lang.Byte from shared objects file]
[Loaded java.lang.Short from shared objects file]
[Loaded java.lang.Integer from shared objects file]
[Loaded java.lang.Long from shared objects file]
[Loaded java.io.ObjectStreamField from shared objects file]
[Loaded java.util.Comparator from shared objects file]
[Loaded java.lang.String$CaseInsensitiveComparator from shared objects file]
[Loaded java.security.Guard from shared objects file]
[Loaded java.security.Permission from shared objects file]
[Loaded java.security.BasicPermission from shared objects file]
[Loaded java.lang.RuntimePermission from shared objects file]
[Loaded java.security.AccessController from shared objects file]
[Loaded java.lang.reflect.ReflectPermission from shared objects file]
[Loaded java.security.PrivilegedAction from shared objects file]
[Loaded sun.reflect.ReflectionFactory$GetReflectionFactoryAction from shared objects file]
[Loaded java.security.cert.Certificate from shared objects file]
[Loaded java.lang.Iterable from shared objects file]
[Loaded java.util.Collection from shared objects file]
[Loaded java.util.AbstractCollection from shared objects file]
[Loaded java.util.List from shared objects file]
[Loaded java.util.AbstractList from shared objects file]
[Loaded java.util.RandomAccess from shared objects file]
[Loaded java.util.Vector from shared objects file]
[Loaded java.util.Stack from shared objects file]
[Loaded sun.reflect.ReflectionFactory from shared objects file]
[Loaded java.lang.ref.Reference$Lock from shared objects file]
[Loaded java.lang.ref.Reference$ReferenceHandler from shared objects file]
[Loaded java.lang.ref.ReferenceQueue from shared objects file]
[Loaded java.lang.ref.ReferenceQueue$Null from shared objects file]
[Loaded java.lang.ref.ReferenceQueue$Lock from shared objects file]
[Loaded java.lang.ref.Finalizer$FinalizerThread from shared objects file]
[Loaded sun.misc.Unsafe from shared objects file]
[Loaded java.lang.IncompatibleClassChangeError from shared objects file]
[Loaded java.lang.NoSuchMethodError from shared objects file]
[Loaded java.util.ArrayList from shared objects file]
[Loaded java.util.Collections from shared objects file]
[Loaded java.util.Set from shared objects file]
[Loaded java.util.AbstractSet from shared objects file]
[Loaded java.util.Collections$EmptySet from shared objects file]
[Loaded java.util.Collections$EmptyList from shared objects file]
[Loaded java.util.AbstractMap from shared objects file]
[Loaded java.util.Collections$EmptyMap from shared objects file]
[Loaded java.util.Collections$UnmodifiableCollection from shared objects file]
[Loaded java.util.Collections$UnmodifiableList from shared objects file]
[Loaded java.util.Collections$UnmodifiableRandomAccessList from shared objects file]
[Loaded sun.reflect.Reflection from shared objects file]
[Loaded java.util.HashMap from shared objects file]
[Loaded sun.misc.Hashing from /usr/lib/jvm/java-7-openjdk-i386/jre/lib/rt.jar]
[Loaded sun.misc.VM from shared objects file]
[Loaded java.lang.Runtime from shared objects file]
[Loaded java.util.Map$Entry from shared objects file]
[Loaded java.util.Hashtable$Entry from shared objects file]
[Loaded java.lang.Math from shared objects file]
[Loaded java.util.HashMap$Entry from shared objects file]
[Loaded java.util.HashMap$EntrySet from shared objects file]
[Loaded java.util.Iterator from shared objects file]
[Loaded java.util.HashMap$HashIterator from shared objects file]
[Loaded java.util.HashMap$EntryIterator from shared objects file]
[Loaded java.lang.Class$3 from shared objects file]
[Loaded java.lang.reflect.Modifier from shared objects file]
[Loaded sun.reflect.LangReflectAccess from shared objects file]
[Loaded java.lang.reflect.ReflectAccess from shared objects file]
[Loaded java.nio.charset.Charset from shared objects file]
[Loaded java.nio.charset.spi.CharsetProvider from shared objects file]
[Loaded sun.nio.cs.FastCharsetProvider from shared objects file]
[Loaded sun.nio.cs.StandardCharsets from shared objects file]
[Loaded sun.util.PreHashedMap from shared objects file]
[Loaded sun.nio.cs.StandardCharsets$Aliases from shared objects file]
[Loaded sun.nio.cs.StandardCharsets$Classes from shared objects file]
[Loaded sun.nio.cs.StandardCharsets$Cache from shared objects file]
[Loaded java.lang.ThreadLocal from shared objects file]
[Loaded java.util.concurrent.atomic.AtomicInteger from shared objects file]
[Loaded java.util.Arrays from shared objects file]
[Loaded sun.nio.cs.HistoricallyNamedCharset from shared objects file]
[Loaded sun.nio.cs.Unicode from shared objects file]
[Loaded sun.nio.cs.UTF_8 from shared objects file]
[Loaded java.lang.Class$1 from shared objects file]
[Loaded sun.reflect.ReflectionFactory$1 from shared objects file]
[Loaded sun.reflect.NativeConstructorAccessorImpl from shared objects file]
[Loaded sun.reflect.DelegatingConstructorAccessorImpl from shared objects file]
[Loaded java.lang.StringCoding from shared objects file]
[Loaded java.lang.ThreadLocal$ThreadLocalMap from shared objects file]
[Loaded java.lang.ThreadLocal$ThreadLocalMap$Entry from shared objects file]
[Loaded java.lang.StringCoding$StringDecoder from shared objects file]
[Loaded java.nio.charset.CharsetDecoder from shared objects file]
[Loaded sun.nio.cs.ArrayDecoder from shared objects file]
[Loaded sun.nio.cs.UTF_8$Decoder from shared objects file]
[Loaded java.nio.charset.CodingErrorAction from shared objects file]
[Loaded java.util.Hashtable$EntrySet from shared objects file]
[Loaded java.util.Collections$SynchronizedCollection from shared objects file]
[Loaded java.util.Collections$SynchronizedSet from shared objects file]
[Loaded java.util.Enumeration from shared objects file]
[Loaded java.util.Hashtable$Enumerator from shared objects file]
[Loaded sun.misc.Version from shared objects file]
[Loaded java.lang.AutoCloseable from shared objects file]
[Loaded java.io.Closeable from shared objects file]
[Loaded java.io.InputStream from shared objects file]
[Loaded java.io.FileInputStream from shared objects file]
[Loaded java.io.FileDescriptor from shared objects file]
[Loaded sun.misc.JavaIOFileDescriptorAccess from /usr/lib/jvm/java-7-openjdk-i386/jre/lib/rt.jar]
[Loaded java.io.FileDescriptor$1 from /usr/lib/jvm/java-7-openjdk-i386/jre/lib/rt.jar]
[Loaded sun.misc.SharedSecrets from shared objects file]
[Loaded java.io.Flushable from shared objects file]
[Loaded java.io.OutputStream from shared objects file]
[Loaded java.io.FileOutputStream from shared objects file]
[Loaded java.io.FilterInputStream from shared objects file]
[Loaded java.io.BufferedInputStream from shared objects file]
[Loaded java.util.concurrent.atomic.AtomicReferenceFieldUpdater from shared objects file]
[Loaded java.util.concurrent.atomic.AtomicReferenceFieldUpdater$AtomicReferenceFieldUpdaterImpl from shared objects file]
[Loaded sun.reflect.misc.ReflectUtil from shared objects file]
[Loaded java.io.FilterOutputStream from shared objects file]
[Loaded java.io.PrintStream from shared objects file]
[Loaded java.io.BufferedOutputStream from shared objects file]
[Loaded java.io.Writer from shared objects file]
[Loaded java.io.OutputStreamWriter from shared objects file]
[Loaded sun.nio.cs.StreamEncoder from shared objects file]
[Loaded sun.security.action.GetPropertyAction from shared objects file]
[Loaded java.nio.charset.CharsetEncoder from shared objects file]
[Loaded sun.nio.cs.ArrayEncoder from shared objects file]
[Loaded sun.nio.cs.UTF_8$Encoder from shared objects file]
[Loaded java.nio.ByteBuffer from shared objects file]
[Loaded java.nio.HeapByteBuffer from shared objects file]
[Loaded java.nio.Bits from shared objects file]
[Loaded java.nio.ByteOrder from shared objects file]
[Loaded sun.misc.JavaNioAccess from /usr/lib/jvm/java-7-openjdk-i386/jre/lib/rt.jar]
[Loaded java.nio.Bits$1 from /usr/lib/jvm/java-7-openjdk-i386/jre/lib/rt.jar]
[Loaded java.io.BufferedWriter from shared objects file]
[Loaded java.io.File from shared objects file]
[Loaded java.io.FileSystem from shared objects file]
[Loaded java.io.UnixFileSystem from shared objects file]
[Loaded java.io.ExpiringCache from shared objects file]
[Loaded java.util.LinkedHashMap from shared objects file]
[Loaded java.io.ExpiringCache$1 from shared objects file]
[Loaded java.util.LinkedHashMap$Entry from shared objects file]
[Loaded java.lang.ClassLoader$3 from shared objects file]
[Loaded java.lang.StringCoding$StringEncoder from shared objects file]
[Loaded java.io.ExpiringCache$Entry from shared objects file]
[Loaded java.lang.ClassLoader$NativeLibrary from shared objects file]
[Loaded java.lang.Terminator from shared objects file]
[Loaded sun.misc.SignalHandler from shared objects file]
[Loaded java.lang.Terminator$1 from shared objects file]
[Loaded sun.misc.Signal from shared objects file]
[Loaded sun.misc.NativeSignalHandler from shared objects file]
[Loaded sun.misc.OSEnvironment from shared objects file]
[Loaded sun.misc.JavaLangAccess from shared objects file]
[Loaded java.lang.System$2 from shared objects file]
[Loaded java.lang.NullPointerException from shared objects file]
[Loaded java.lang.ArithmeticException from shared objects file]
[Loaded java.lang.IllegalArgumentException from shared objects file]
[Loaded java.lang.Compiler from shared objects file]
[Loaded java.lang.Compiler$1 from shared objects file]
[Loaded sun.misc.Launcher from shared objects file]
[Loaded java.net.URLStreamHandlerFactory from shared objects file]
[Loaded sun.misc.Launcher$Factory from shared objects file]
[Loaded java.security.SecureClassLoader from shared objects file]
[Loaded java.net.URLClassLoader from shared objects file]
[Loaded sun.misc.Launcher$ExtClassLoader from shared objects file]
[Loaded sun.security.util.Debug from shared objects file]
[Loaded java.lang.ClassLoader$ParallelLoaders from /usr/lib/jvm/java-7-openjdk-i386/jre/lib/rt.jar]
[Loaded java.util.WeakHashMap from shared objects file]
[Loaded sun.misc.Hashing$Holder from /usr/lib/jvm/java-7-openjdk-i386/jre/lib/rt.jar]
[Loaded java.util.Random from shared objects file]
[Loaded java.util.concurrent.atomic.AtomicLong from shared objects file]
[Loaded java.util.WeakHashMap$Entry from shared objects file]
[Loaded java.util.WeakHashMap$Holder from /usr/lib/jvm/java-7-openjdk-i386/jre/lib/rt.jar]
[Loaded java.util.Collections$SetFromMap from /usr/lib/jvm/java-7-openjdk-i386/jre/lib/rt.jar]
[Loaded java.util.WeakHashMap$KeySet from /usr/lib/jvm/java-7-openjdk-i386/jre/lib/rt.jar]
[Loaded sun.misc.JavaNetAccess from shared objects file]
[Loaded java.net.URLClassLoader$7 from shared objects file]
[Loaded java.util.StringTokenizer from shared objects file]
[Loaded java.security.PrivilegedExceptionAction from shared objects file]
[Loaded sun.misc.Launcher$ExtClassLoader$1 from shared objects file]
[Loaded sun.misc.MetaIndex from shared objects file]
[Loaded java.lang.Readable from shared objects file]
[Loaded java.io.Reader from shared objects file]
[Loaded java.io.BufferedReader from shared objects file]
[Loaded java.io.InputStreamReader from shared objects file]
[Loaded java.io.FileReader from shared objects file]
[Loaded sun.nio.cs.StreamDecoder from shared objects file]
[Loaded java.util.HashMap$Holder from /usr/lib/jvm/java-7-openjdk-i386/jre/lib/rt.jar]
[Loaded java.nio.CharBuffer from shared objects file]
[Loaded java.nio.HeapCharBuffer from shared objects file]
[Loaded java.nio.charset.CoderResult from shared objects file]
[Loaded java.nio.charset.CoderResult$Cache from shared objects file]
[Loaded java.nio.charset.CoderResult$1 from shared objects file]
[Loaded java.nio.charset.CoderResult$2 from shared objects file]
[Loaded java.lang.reflect.Array from shared objects file]
[Loaded sun.net.www.ParseUtil from shared objects file]
[Loaded java.util.BitSet from shared objects file]
[Loaded java.net.URL from shared objects file]
[Loaded java.util.Hashtable$Holder from /usr/lib/jvm/java-7-openjdk-i386/jre/lib/rt.jar]
[Loaded java.net.URL$1 from /usr/lib/jvm/java-7-openjdk-i386/jre/lib/rt.jar]
[Loaded java.util.Locale from shared objects file]
[Loaded sun.util.locale.LocaleObjectCache from /usr/lib/jvm/java-7-openjdk-i386/jre/lib/rt.jar]
[Loaded java.util.Locale$Cache from /usr/lib/jvm/java-7-openjdk-i386/jre/lib/rt.jar]
[Loaded java.util.concurrent.ConcurrentMap from shared objects file]
[Loaded java.util.concurrent.ConcurrentHashMap from shared objects file]
[Loaded java.util.concurrent.ConcurrentHashMap$HashEntry from shared objects file]
[Loaded java.util.concurrent.locks.Lock from shared objects file]
[Loaded java.util.concurrent.locks.ReentrantLock from shared objects file]
[Loaded java.util.concurrent.ConcurrentHashMap$Segment from shared objects file]
[Loaded java.util.concurrent.ConcurrentHashMap$Holder from /usr/lib/jvm/java-7-openjdk-i386/jre/lib/rt.jar]
[Loaded java.util.concurrent.locks.AbstractOwnableSynchronizer from shared objects file]
[Loaded java.util.concurrent.locks.AbstractQueuedSynchronizer from shared objects file]
[Loaded java.util.concurrent.locks.ReentrantLock$Sync from shared objects file]
[Loaded java.util.concurrent.locks.ReentrantLock$NonfairSync from shared objects file]
[Loaded java.util.concurrent.locks.AbstractQueuedSynchronizer$Node from shared objects file]
[Loaded sun.util.locale.BaseLocale from /usr/lib/jvm/java-7-openjdk-i386/jre/lib/rt.jar]
[Loaded sun.util.locale.BaseLocale$Cache from /usr/lib/jvm/java-7-openjdk-i386/jre/lib/rt.jar]
[Loaded sun.util.locale.BaseLocale$Key from /usr/lib/jvm/java-7-openjdk-i386/jre/lib/rt.jar]
[Loaded sun.util.locale.LocaleObjectCache$CacheEntry from /usr/lib/jvm/java-7-openjdk-i386/jre/lib/rt.jar]
[Loaded java.util.Locale$LocaleKey from /usr/lib/jvm/java-7-openjdk-i386/jre/lib/rt.jar]
[Loaded sun.util.locale.LocaleUtils from /usr/lib/jvm/java-7-openjdk-i386/jre/lib/rt.jar]
[Loaded java.lang.CharacterData from shared objects file]
[Loaded java.lang.CharacterDataLatin1 from shared objects file]
[Loaded java.net.Parts from shared objects file]
[Loaded java.net.URLStreamHandler from shared objects file]
[Loaded sun.net.www.protocol.file.Handler from shared objects file]
[Loaded sun.misc.JavaSecurityAccess from /usr/lib/jvm/java-7-openjdk-i386/jre/lib/rt.jar]
[Loaded java.security.ProtectionDomain$1 from /usr/lib/jvm/java-7-openjdk-i386/jre/lib/rt.jar]
[Loaded sun.misc.JavaSecurityProtectionDomainAccess from /usr/lib/jvm/java-7-openjdk-i386/jre/lib/rt.jar]
[Loaded java.security.ProtectionDomain$3 from /usr/lib/jvm/java-7-openjdk-i386/jre/lib/rt.jar]
[Loaded java.security.CodeSource from shared objects file]
[Loaded java.security.ProtectionDomain$Key from /usr/lib/jvm/java-7-openjdk-i386/jre/lib/rt.jar]
[Loaded java.security.Principal from shared objects file]
[Loaded java.util.HashSet from shared objects file]
[Loaded sun.misc.URLClassPath from shared objects file]
[Loaded sun.net.www.protocol.jar.Handler from shared objects file]
[Loaded sun.misc.Launcher$AppClassLoader from shared objects file]
[Loaded sun.misc.Launcher$AppClassLoader$1 from shared objects file]
[Loaded java.lang.SystemClassLoaderAction from shared objects file]
[Loaded java.net.URLClassLoader$1 from shared objects file]
[Loaded sun.net.util.URLUtil from /usr/lib/jvm/java-7-openjdk-i386/jre/lib/rt.jar]
[Loaded sun.misc.URLClassPath$3 from shared objects file]
[Loaded sun.misc.URLClassPath$Loader from shared objects file]
[Loaded sun.misc.URLClassPath$JarLoader from shared objects file]
[Loaded sun.misc.URLClassPath$JarLoader$1 from shared objects file]
[Loaded sun.misc.FileURLMapper from shared objects file]
[Loaded java.util.zip.ZipConstants from shared objects file]
[Loaded java.util.zip.ZipFile from shared objects file]
[Loaded java.util.jar.JarFile from shared objects file]
[Loaded sun.misc.JavaUtilJarAccess from shared objects file]
[Loaded java.util.jar.JavaUtilJarAccessImpl from shared objects file]
[Loaded java.nio.charset.StandardCharsets from /usr/lib/jvm/java-7-openjdk-i386/jre/lib/rt.jar]
[Loaded sun.nio.cs.US_ASCII from shared objects file]
[Loaded sun.nio.cs.ISO_8859_1 from shared objects file]
[Loaded sun.nio.cs.UTF_16BE from shared objects file]
[Loaded sun.nio.cs.UTF_16LE from shared objects file]
[Loaded sun.nio.cs.UTF_16 from shared objects file]
[Loaded java.util.Queue from shared objects file]
[Loaded java.util.Deque from shared objects file]
[Loaded java.util.ArrayDeque from /usr/lib/jvm/java-7-openjdk-i386/jre/lib/rt.jar]
[Loaded java.util.zip.ZipCoder from /usr/lib/jvm/java-7-openjdk-i386/jre/lib/rt.jar]
[Loaded sun.misc.JarIndex from shared objects file]
[Loaded sun.misc.ExtensionDependency from shared objects file]
[Loaded java.util.zip.ZipEntry from shared objects file]
[Loaded java.util.jar.JarEntry from shared objects file]
[Loaded java.util.jar.JarFile$JarFileEntry from shared objects file]
[Loaded java.util.zip.ZipFile$ZipFileInputStream from shared objects file]
[Loaded java.util.zip.Inflater from shared objects file]
[Loaded java.util.zip.ZStreamRef from /usr/lib/jvm/java-7-openjdk-i386/jre/lib/rt.jar]
[Loaded java.util.zip.InflaterInputStream from shared objects file]
[Loaded java.util.zip.ZipFile$ZipFileInflaterInputStream from /usr/lib/jvm/java-7-openjdk-i386/jre/lib/rt.jar]
[Loaded sun.misc.IOUtils from /usr/lib/jvm/java-7-openjdk-i386/jre/lib/rt.jar]
[Loaded java.io.IOException from shared objects file]
[Loaded java.util.zip.ZipException from /usr/lib/jvm/java-7-openjdk-i386/jre/lib/rt.jar]
[Loaded java.security.PrivilegedActionException from shared objects file]
[Loaded sun.misc.URLClassPath$FileLoader from shared objects file]
[Loaded sun.misc.Resource from shared objects file]
[Loaded sun.misc.URLClassPath$FileLoader$1 from shared objects file]
[Loaded sun.nio.ByteBuffered from shared objects file]
[Loaded java.security.PermissionCollection from shared objects file]
[Loaded java.security.Permissions from shared objects file]
[Loaded java.net.URLConnection from shared objects file]
[Loaded sun.net.www.URLConnection from shared objects file]
[Loaded sun.net.www.protocol.file.FileURLConnection from shared objects file]
[Loaded sun.net.www.MessageHeader from shared objects file]
[Loaded java.io.FilePermission from shared objects file]
[Loaded java.io.FilePermission$1 from shared objects file]
[Loaded java.io.FilePermissionCollection from shared objects file]
[Loaded java.security.AllPermission from shared objects file]
[Loaded java.security.UnresolvedPermission from shared objects file]
[Loaded java.security.BasicPermissionCollection from shared objects file]
[Loaded HelloWorld from file:/home/openjdk/]
************************
*     Hello, World     *
************************
[Loaded java.lang.Shutdown from shared objects file]
[Loaded java.lang.Shutdown$Lock from shared objects file]

