Cleaning langtools build artifacts ... done
Cleaning corba build artifacts ... done
Cleaning jaxp build artifacts ... done
Cleaning jaxws build artifacts ... done
Cleaning hotspot build artifacts ... done
Cleaning jdk build artifacts ... done
Cleaning images build artifacts ... done
Cleaning overlay-images build artifacts ... done
Cleaning bootcycle-build build artifacts ... done
Cleaning docs build artifacts ... done
Cleaning docstemp build artifacts ... done
Cleaned all build artifacts.
Building OpenJDK for target 'clean hotspot' in configuration 'linux-x86_64-normal-server-release'

## Starting hotspot
make[2]: warning: -jN forced in submake: disabling jobserver mode.
INFO: ENABLE_FULL_DEBUG_SYMBOLS=1
INFO: /usr/bin/objcopy cmd found so will create .debuginfo files.
INFO: STRIP_POLICY=min_strip
INFO: ZIP_DEBUGINFO_FILES=1
INFO: ENABLE_FULL_DEBUG_SYMBOLS=1
INFO: /usr/bin/objcopy cmd found so will create .debuginfo files.
INFO: STRIP_POLICY=min_strip
INFO: ZIP_DEBUGINFO_FILES=1
INFO: ENABLE_FULL_DEBUG_SYMBOLS=1
INFO: /usr/bin/objcopy cmd found so will create .debuginfo files.
INFO: STRIP_POLICY=min_strip
INFO: ZIP_DEBUGINFO_FILES=1
INFO: ENABLE_FULL_DEBUG_SYMBOLS=1
INFO: /usr/bin/objcopy cmd found so will create .debuginfo files.
INFO: STRIP_POLICY=min_strip
INFO: ZIP_DEBUGINFO_FILES=1
INFO: ENABLE_FULL_DEBUG_SYMBOLS=1
INFO: /usr/bin/objcopy cmd found so will create .debuginfo files.
INFO: STRIP_POLICY=min_strip
INFO: ZIP_DEBUGINFO_FILES=1
Creating Makefile ...
Creating directory list ../shared_dirs.lst
Creating flags.make ...
Creating flags_vm.make ...
Creating vm.make ...
Creating adlc.make ...
Creating jvmti.make ...
Creating sa.make ...
Creating env.sh ...
Creating env.csh ...
Creating jdkpath.sh ...
Creating .dbxrc ...
Creating test_gamma ...
INFO: ENABLE_FULL_DEBUG_SYMBOLS=1
INFO: /usr/bin/objcopy cmd found so will create .debuginfo files.
INFO: STRIP_POLICY=min_strip
INFO: ZIP_DEBUGINFO_FILES=1
Creating Makefile ...
Creating flags.make ...
Creating flags_vm.make ...
Creating vm.make ...
Creating adlc.make ...
Creating jvmti.make ...
Creating sa.make ...
Creating env.sh ...
Creating env.csh ...
Creating jdkpath.sh ...
Creating .dbxrc ...
Creating test_gamma ...
INFO: ENABLE_FULL_DEBUG_SYMBOLS=1
INFO: /usr/bin/objcopy cmd found so will create .debuginfo files.
INFO: STRIP_POLICY=min_strip
INFO: ZIP_DEBUGINFO_FILES=1
Creating Makefile ...
Creating flags.make ...
Creating flags_vm.make ...
Creating vm.make ...
Creating adlc.make ...
Creating jvmti.make ...
Creating sa.make ...
Creating env.sh ...
Creating env.csh ...
Creating jdkpath.sh ...
Creating .dbxrc ...
Creating test_gamma ...
INFO: ENABLE_FULL_DEBUG_SYMBOLS=1
INFO: /usr/bin/objcopy cmd found so will create .debuginfo files.
INFO: STRIP_POLICY=min_strip
INFO: ZIP_DEBUGINFO_FILES=1
Creating Makefile ...
Creating flags.make ...
Creating flags_vm.make ...
Creating vm.make ...
Creating adlc.make ...
Creating jvmti.make ...
Creating sa.make ...
Creating env.sh ...
Creating env.csh ...
Creating jdkpath.sh ...
Creating .dbxrc ...
Creating test_gamma ...
INFO: ENABLE_FULL_DEBUG_SYMBOLS=1
INFO: /usr/bin/objcopy cmd found so will create .debuginfo files.
INFO: STRIP_POLICY=min_strip
INFO: ZIP_DEBUGINFO_FILES=1
Creating Makefile ...
Creating flags.make ...
Creating flags_vm.make ...
Creating vm.make ...
Creating adlc.make ...
Creating jvmti.make ...
Creating sa.make ...
Creating env.sh ...
Creating env.csh ...
Creating jdkpath.sh ...
Creating .dbxrc ...
Creating test_gamma ...
INFO: ENABLE_FULL_DEBUG_SYMBOLS=1
INFO: /usr/bin/objcopy cmd found so will create .debuginfo files.
INFO: STRIP_POLICY=min_strip
INFO: ZIP_DEBUGINFO_FILES=1
Creating Makefile ...
Creating flags.make ...
Creating flags_vm.make ...
Creating vm.make ...
Creating adlc.make ...
Creating jvmti.make ...
Creating sa.make ...
Creating env.sh ...
Creating env.csh ...
Creating jdkpath.sh ...
Creating .dbxrc ...
Creating test_gamma ...
Compiling /home/openjdk/sources/jdk8_tl/hotspot/src/share/vm/adlc/adlparse.cpp
Compiling /home/openjdk/sources/jdk8_tl/hotspot/src/share/vm/adlc/archDesc.cpp
Compiling /home/openjdk/sources/jdk8_tl/hotspot/src/share/vm/adlc/arena.cpp
Compiling /home/openjdk/sources/jdk8_tl/hotspot/src/share/vm/adlc/dfa.cpp
Compiling /home/openjdk/sources/jdk8_tl/hotspot/src/share/vm/adlc/dict2.cpp
Compiling /home/openjdk/sources/jdk8_tl/hotspot/src/share/vm/adlc/filebuff.cpp
Compiling /home/openjdk/sources/jdk8_tl/hotspot/src/share/vm/adlc/forms.cpp
Compiling /home/openjdk/sources/jdk8_tl/hotspot/src/share/vm/adlc/formsopt.cpp
Compiling /home/openjdk/sources/jdk8_tl/hotspot/src/share/vm/adlc/formssel.cpp
Compiling /home/openjdk/sources/jdk8_tl/hotspot/src/share/vm/adlc/main.cpp
Compiling /home/openjdk/sources/jdk8_tl/hotspot/src/share/vm/opto/opcodes.cpp
Compiling /home/openjdk/sources/jdk8_tl/hotspot/src/share/vm/adlc/output_c.cpp
Compiling /home/openjdk/sources/jdk8_tl/hotspot/src/share/vm/adlc/output_h.cpp
Making adlc
warning: [options] bootstrap class path not set in conjunction with -source 1.6
warning: [options] bootstrap class path not set in conjunction with -source 1.6
1 warning
Generating /home/openjdk/sources/jdk8_tl/build/linux-x86_64-normal-server-release/hotspot/linux_amd64_compiler2/product/../generated/jvmtifiles/jvmtiEnv.hpp
Generating /home/openjdk/sources/jdk8_tl/build/linux-x86_64-normal-server-release/hotspot/linux_amd64_compiler2/product/../generated/jvmtifiles/jvmtiEnter.cpp
Generating /home/openjdk/sources/jdk8_tl/build/linux-x86_64-normal-server-release/hotspot/linux_amd64_compiler2/product/../generated/jvmtifiles/jvmtiEnterTrace.cpp
Generating /home/openjdk/sources/jdk8_tl/build/linux-x86_64-normal-server-release/hotspot/linux_amd64_compiler2/product/../generated/jvmtifiles/bytecodeInterpreterWithChecks.cpp
Generating /home/openjdk/sources/jdk8_tl/build/linux-x86_64-normal-server-release/hotspot/linux_amd64_compiler2/product/../generated/jvmtifiles/jvmti.h
1 warning
Generating /home/openjdk/sources/jdk8_tl/build/linux-x86_64-normal-server-release/hotspot/linux_amd64_compiler2/product/../generated/jvmtifiles/jvmtiEnvRecommended.cpp
INFO: ENABLE_FULL_DEBUG_SYMBOLS=1
INFO: /usr/bin/objcopy cmd found so will create .debuginfo files.
INFO: STRIP_POLICY=min_strip
INFO: ZIP_DEBUGINFO_FILES=1
INFO: ENABLE_FULL_DEBUG_SYMBOLS=1
INFO: /usr/bin/objcopy cmd found so will create .debuginfo files.
INFO: STRIP_POLICY=min_strip
INFO: ZIP_DEBUGINFO_FILES=1
Making /home/openjdk/sources/jdk8_tl/build/linux-x86_64-normal-server-release/hotspot/linux_amd64_compiler2/product/../generated/sa-jdi.jar
warning: [options] bootstrap class path not set in conjunction with -source 1.6
Note: Some input files use unchecked or unsafe operations.
Note: Recompile with -Xlint:unchecked for details.
1 warning
INFO: ENABLE_FULL_DEBUG_SYMBOLS=1
INFO: /usr/bin/objcopy cmd found so will create .debuginfo files.
INFO: STRIP_POLICY=min_strip
INFO: ZIP_DEBUGINFO_FILES=1
Generating precompiled header precompiled.hpp.gch
INFO: ENABLE_FULL_DEBUG_SYMBOLS=1
INFO: /usr/bin/objcopy cmd found so will create .debuginfo files.
INFO: STRIP_POLICY=min_strip
INFO: ZIP_DEBUGINFO_FILES=1
Compiling /home/openjdk/sources/jdk8_tl/hotspot/src/share/vm/compiler/abstractCompiler.cpp
Compiling /home/openjdk/sources/jdk8_tl/hotspot/src/share/vm/utilities/accessFlags.cpp
Compiling ../generated/adfiles/ad_x86_64.cpp
Compiling ../generated/adfiles/ad_x86_64_expand.cpp
Compiling ../generated/adfiles/ad_x86_64_clone.cpp
Compiling ../generated/adfiles/ad_x86_64_format.cpp
Compiling ../generated/adfiles/ad_x86_64_gen.cpp
Compiling ../generated/adfiles/ad_x86_64_misc.cpp
Compiling ../generated/adfiles/ad_x86_64_peephole.cpp
Compiling ../generated/adfiles/ad_x86_64_pipeline.cpp
Compiling /home/openjdk/sources/jdk8_tl/hotspot/src/share/vm/gc_implementation/concurrentMarkSweep/adaptiveFreeList.cpp
Compiling /home/openjdk/sources/jdk8_tl/hotspot/src/share/vm/gc_implementation/shared/adaptiveSizePolicy.cpp
Compiling /home/openjdk/sources/jdk8_tl/hotspot/src/share/vm/opto/addnode.cpp
Compiling /home/openjdk/sources/jdk8_tl/hotspot/src/share/vm/gc_implementation/parallelScavenge/adjoiningGenerations.cpp
Compiling /home/openjdk/sources/jdk8_tl/hotspot/src/share/vm/gc_implementation/parallelScavenge/adjoiningVirtualSpaces.cpp
Compiling /home/openjdk/sources/jdk8_tl/hotspot/src/share/vm/runtime/advancedThresholdPolicy.cpp
Compiling /home/openjdk/sources/jdk8_tl/hotspot/src/share/vm/gc_implementation/shared/ageTable.cpp
Compiling /home/openjdk/sources/jdk8_tl/hotspot/src/share/vm/memory/allocation.cpp
Compiling /home/openjdk/sources/jdk8_tl/hotspot/src/share/vm/gc_implementation/shared/allocationStats.cpp
Compiling /home/openjdk/sources/jdk8_tl/hotspot/src/share/vm/classfile/altHashing.cpp
Compiling /home/openjdk/sources/jdk8_tl/hotspot/src/share/vm/oops/annotations.cpp
Compiling /home/openjdk/sources/jdk8_tl/hotspot/src/share/vm/runtime/aprofiler.cpp
Compiling /home/openjdk/sources/jdk8_tl/hotspot/src/share/vm/runtime/arguments.cpp
Compiling /home/openjdk/sources/jdk8_tl/hotspot/src/share/vm/utilities/array.cpp
Compiling /home/openjdk/sources/jdk8_tl/hotspot/src/share/vm/oops/arrayKlass.cpp
Compiling /home/openjdk/sources/jdk8_tl/hotspot/src/share/vm/oops/arrayOop.cpp
Compiling /home/openjdk/sources/jdk8_tl/hotspot/src/share/vm/gc_implementation/parallelScavenge/asPSOldGen.cpp
Compiling /home/openjdk/sources/jdk8_tl/hotspot/src/share/vm/gc_implementation/parallelScavenge/asPSYoungGen.cpp
Compiling /home/openjdk/sources/jdk8_tl/hotspot/src/share/vm/gc_implementation/parNew/asParNewGeneration.cpp
Compiling /home/openjdk/sources/jdk8_tl/hotspot/src/share/vm/asm/assembler.cpp
Compiling /home/openjdk/sources/jdk8_tl/hotspot/src/os_cpu/linux_x86/vm/assembler_linux_x86.cpp
Compiling /home/openjdk/sources/jdk8_tl/hotspot/src/cpu/x86/vm/assembler_x86.cpp
Compiling /home/openjdk/sources/jdk8_tl/hotspot/src/share/vm/runtime/atomic.cpp
Compiling /home/openjdk/sources/jdk8_tl/hotspot/src/share/vm/services/attachListener.cpp
Compiling /home/openjdk/sources/jdk8_tl/hotspot/src/os/linux/vm/attachListener_linux.cpp
Compiling /home/openjdk/sources/jdk8_tl/hotspot/src/share/vm/memory/barrierSet.cpp
Compiling /home/openjdk/sources/jdk8_tl/hotspot/src/share/vm/runtime/basicLock.cpp
Compiling /home/openjdk/sources/jdk8_tl/hotspot/src/share/vm/ci/bcEscapeAnalyzer.cpp
Compiling /home/openjdk/sources/jdk8_tl/hotspot/src/share/vm/runtime/biasedLocking.cpp
Compiling /home/openjdk/sources/jdk8_tl/hotspot/src/share/vm/memory/binaryTreeDictionary.cpp
Compiling /home/openjdk/sources/jdk8_tl/hotspot/src/share/vm/utilities/bitMap.cpp
Compiling /home/openjdk/sources/jdk8_tl/hotspot/src/share/vm/opto/block.cpp
Compiling /home/openjdk/sources/jdk8_tl/hotspot/src/share/vm/memory/blockOffsetTable.cpp
Compiling /home/openjdk/sources/jdk8_tl/hotspot/src/share/vm/opto/buildOopMap.cpp
Compiling /home/openjdk/sources/jdk8_tl/hotspot/src/share/vm/interpreter/bytecode.cpp
Compiling /home/openjdk/sources/jdk8_tl/hotspot/src/share/vm/interpreter/bytecodeHistogram.cpp
Compiling /home/openjdk/sources/jdk8_tl/hotspot/src/share/vm/classfile/bytecodeAssembler.cpp
Compiling /home/openjdk/sources/jdk8_tl/hotspot/src/share/vm/opto/bytecodeInfo.cpp
Compiling /home/openjdk/sources/jdk8_tl/hotspot/src/share/vm/interpreter/bytecodeInterpreter.cpp
Compiling ../generated/jvmtifiles/bytecodeInterpreterWithChecks.cpp
Compiling /home/openjdk/sources/jdk8_tl/hotspot/src/cpu/x86/vm/bytecodeInterpreter_x86.cpp
Compiling /home/openjdk/sources/jdk8_tl/hotspot/src/share/vm/interpreter/bytecodeStream.cpp
Compiling /home/openjdk/sources/jdk8_tl/hotspot/src/share/vm/interpreter/bytecodeTracer.cpp
Compiling /home/openjdk/sources/jdk8_tl/hotspot/src/share/vm/interpreter/bytecodes.cpp
Compiling /home/openjdk/sources/jdk8_tl/hotspot/src/cpu/x86/vm/bytecodes_x86.cpp
Compiling /home/openjdk/sources/jdk8_tl/hotspot/src/share/vm/c1/c1_CFGPrinter.cpp
Compiling /home/openjdk/sources/jdk8_tl/hotspot/src/share/vm/c1/c1_Canonicalizer.cpp
Compiling /home/openjdk/sources/jdk8_tl/hotspot/src/cpu/x86/vm/c1_CodeStubs_x86.cpp
Compiling /home/openjdk/sources/jdk8_tl/hotspot/src/share/vm/c1/c1_Compilation.cpp
Compiling /home/openjdk/sources/jdk8_tl/hotspot/src/share/vm/c1/c1_Compiler.cpp
Compiling /home/openjdk/sources/jdk8_tl/hotspot/src/share/vm/c1/c1_Defs.cpp
Compiling /home/openjdk/sources/jdk8_tl/hotspot/src/cpu/x86/vm/c1_FpuStackSim_x86.cpp
Compiling /home/openjdk/sources/jdk8_tl/hotspot/src/share/vm/c1/c1_FrameMap.cpp
Compiling /home/openjdk/sources/jdk8_tl/hotspot/src/cpu/x86/vm/c1_FrameMap_x86.cpp
Compiling /home/openjdk/sources/jdk8_tl/hotspot/src/share/vm/c1/c1_GraphBuilder.cpp
Compiling /home/openjdk/sources/jdk8_tl/hotspot/src/share/vm/c1/c1_IR.cpp
Compiling /home/openjdk/sources/jdk8_tl/hotspot/src/share/vm/c1/c1_Instruction.cpp
Compiling /home/openjdk/sources/jdk8_tl/hotspot/src/share/vm/c1/c1_InstructionPrinter.cpp
Compiling /home/openjdk/sources/jdk8_tl/hotspot/src/share/vm/c1/c1_LIR.cpp
Compiling /home/openjdk/sources/jdk8_tl/hotspot/src/share/vm/c1/c1_LIRAssembler.cpp
Compiling /home/openjdk/sources/jdk8_tl/hotspot/src/cpu/x86/vm/c1_LIRAssembler_x86.cpp
Compiling /home/openjdk/sources/jdk8_tl/hotspot/src/share/vm/c1/c1_LIRGenerator.cpp
Compiling /home/openjdk/sources/jdk8_tl/hotspot/src/cpu/x86/vm/c1_LIRGenerator_x86.cpp
Compiling /home/openjdk/sources/jdk8_tl/hotspot/src/share/vm/c1/c1_LinearScan.cpp
Compiling /home/openjdk/sources/jdk8_tl/hotspot/src/cpu/x86/vm/c1_LinearScan_x86.cpp
Compiling /home/openjdk/sources/jdk8_tl/hotspot/src/cpu/x86/vm/c1_MacroAssembler_x86.cpp
Compiling /home/openjdk/sources/jdk8_tl/hotspot/src/share/vm/c1/c1_Optimizer.cpp
Compiling /home/openjdk/sources/jdk8_tl/hotspot/src/share/vm/c1/c1_Runtime1.cpp
Compiling /home/openjdk/sources/jdk8_tl/hotspot/src/cpu/x86/vm/c1_Runtime1_x86.cpp
Compiling /home/openjdk/sources/jdk8_tl/hotspot/src/share/vm/c1/c1_ValueMap.cpp
Compiling /home/openjdk/sources/jdk8_tl/hotspot/src/share/vm/c1/c1_ValueSet.cpp
Compiling /home/openjdk/sources/jdk8_tl/hotspot/src/share/vm/c1/c1_ValueStack.cpp
Compiling /home/openjdk/sources/jdk8_tl/hotspot/src/share/vm/c1/c1_ValueType.cpp
Compiling /home/openjdk/sources/jdk8_tl/hotspot/src/share/vm/c1/c1_globals.cpp
Compiling /home/openjdk/sources/jdk8_tl/hotspot/src/share/vm/opto/c2_globals.cpp
Compiling /home/openjdk/sources/jdk8_tl/hotspot/src/cpu/x86/vm/c2_init_x86.cpp
Compiling /home/openjdk/sources/jdk8_tl/hotspot/src/share/vm/opto/c2compiler.cpp
Compiling /home/openjdk/sources/jdk8_tl/hotspot/src/share/vm/gc_implementation/shared/cSpaceCounters.cpp
Compiling /home/openjdk/sources/jdk8_tl/hotspot/src/share/vm/opto/callGenerator.cpp
Compiling /home/openjdk/sources/jdk8_tl/hotspot/src/share/vm/opto/callnode.cpp
Compiling /home/openjdk/sources/jdk8_tl/hotspot/src/share/vm/gc_implementation/parallelScavenge/cardTableExtension.cpp
Compiling /home/openjdk/sources/jdk8_tl/hotspot/src/share/vm/memory/cardTableModRefBS.cpp
Compiling /home/openjdk/sources/jdk8_tl/hotspot/src/share/vm/memory/cardTableRS.cpp
Compiling /home/openjdk/sources/jdk8_tl/hotspot/src/share/vm/opto/cfgnode.cpp
Compiling /home/openjdk/sources/jdk8_tl/hotspot/src/share/vm/opto/chaitin.cpp
Compiling /home/openjdk/sources/jdk8_tl/hotspot/src/os/linux/vm/chaitin_linux.cpp
Compiling /home/openjdk/sources/jdk8_tl/hotspot/src/share/vm/ci/ciArray.cpp
Compiling /home/openjdk/sources/jdk8_tl/hotspot/src/share/vm/ci/ciArrayKlass.cpp
Compiling /home/openjdk/sources/jdk8_tl/hotspot/src/share/vm/ci/ciBaseObject.cpp
Compiling /home/openjdk/sources/jdk8_tl/hotspot/src/share/vm/ci/ciCallSite.cpp
Compiling /home/openjdk/sources/jdk8_tl/hotspot/src/share/vm/ci/ciConstant.cpp
Compiling /home/openjdk/sources/jdk8_tl/hotspot/src/share/vm/ci/ciConstantPoolCache.cpp
Compiling /home/openjdk/sources/jdk8_tl/hotspot/src/share/vm/ci/ciEnv.cpp
Compiling /home/openjdk/sources/jdk8_tl/hotspot/src/share/vm/ci/ciExceptionHandler.cpp
Compiling /home/openjdk/sources/jdk8_tl/hotspot/src/share/vm/ci/ciField.cpp
Compiling /home/openjdk/sources/jdk8_tl/hotspot/src/share/vm/ci/ciFlags.cpp
Compiling /home/openjdk/sources/jdk8_tl/hotspot/src/share/vm/ci/ciInstance.cpp
Compiling /home/openjdk/sources/jdk8_tl/hotspot/src/share/vm/ci/ciInstanceKlass.cpp
Compiling /home/openjdk/sources/jdk8_tl/hotspot/src/share/vm/ci/ciKlass.cpp
Compiling /home/openjdk/sources/jdk8_tl/hotspot/src/share/vm/ci/ciMemberName.cpp
Compiling /home/openjdk/sources/jdk8_tl/hotspot/src/share/vm/ci/ciMetadata.cpp
Compiling /home/openjdk/sources/jdk8_tl/hotspot/src/share/vm/ci/ciMethod.cpp
Compiling /home/openjdk/sources/jdk8_tl/hotspot/src/share/vm/ci/ciMethodBlocks.cpp
Compiling /home/openjdk/sources/jdk8_tl/hotspot/src/share/vm/ci/ciMethodData.cpp
Compiling /home/openjdk/sources/jdk8_tl/hotspot/src/share/vm/ci/ciMethodHandle.cpp
Compiling /home/openjdk/sources/jdk8_tl/hotspot/src/share/vm/ci/ciNullObject.cpp
Compiling /home/openjdk/sources/jdk8_tl/hotspot/src/share/vm/ci/ciObjArray.cpp
Compiling /home/openjdk/sources/jdk8_tl/hotspot/src/share/vm/ci/ciObjArrayKlass.cpp
Compiling /home/openjdk/sources/jdk8_tl/hotspot/src/share/vm/ci/ciObject.cpp
Compiling /home/openjdk/sources/jdk8_tl/hotspot/src/share/vm/ci/ciObjectFactory.cpp
Compiling /home/openjdk/sources/jdk8_tl/hotspot/src/share/vm/ci/ciReplay.cpp
Compiling /home/openjdk/sources/jdk8_tl/hotspot/src/share/vm/ci/ciSignature.cpp
Compiling /home/openjdk/sources/jdk8_tl/hotspot/src/share/vm/ci/ciStreams.cpp
Compiling /home/openjdk/sources/jdk8_tl/hotspot/src/share/vm/ci/ciSymbol.cpp
Compiling /home/openjdk/sources/jdk8_tl/hotspot/src/share/vm/ci/ciType.cpp
Compiling /home/openjdk/sources/jdk8_tl/hotspot/src/share/vm/ci/ciTypeArray.cpp
Compiling /home/openjdk/sources/jdk8_tl/hotspot/src/share/vm/ci/ciTypeArrayKlass.cpp
Compiling /home/openjdk/sources/jdk8_tl/hotspot/src/share/vm/ci/ciTypeFlow.cpp
Compiling /home/openjdk/sources/jdk8_tl/hotspot/src/share/vm/ci/ciUtilities.cpp
Compiling /home/openjdk/sources/jdk8_tl/hotspot/src/share/vm/classfile/classFileError.cpp
Compiling /home/openjdk/sources/jdk8_tl/hotspot/src/share/vm/classfile/classFileParser.cpp
Compiling /home/openjdk/sources/jdk8_tl/hotspot/src/share/vm/classfile/classFileStream.cpp
Compiling /home/openjdk/sources/jdk8_tl/hotspot/src/share/vm/classfile/classLoader.cpp
Compiling /home/openjdk/sources/jdk8_tl/hotspot/src/share/vm/classfile/classLoaderData.cpp
Compiling /home/openjdk/sources/jdk8_tl/hotspot/src/share/vm/services/classLoadingService.cpp
Compiling /home/openjdk/sources/jdk8_tl/hotspot/src/share/vm/opto/classes.cpp
Compiling /home/openjdk/sources/jdk8_tl/hotspot/src/share/vm/gc_implementation/concurrentMarkSweep/cmsAdaptiveSizePolicy.cpp
Compiling /home/openjdk/sources/jdk8_tl/hotspot/src/share/vm/gc_implementation/concurrentMarkSweep/cmsCollectorPolicy.cpp
Compiling /home/openjdk/sources/jdk8_tl/hotspot/src/share/vm/gc_implementation/concurrentMarkSweep/cmsGCAdaptivePolicyCounters.cpp
Compiling /home/openjdk/sources/jdk8_tl/hotspot/src/share/vm/gc_implementation/concurrentMarkSweep/cmsLockVerifier.cpp
Compiling /home/openjdk/sources/jdk8_tl/hotspot/src/share/vm/opto/coalesce.cpp
Compiling /home/openjdk/sources/jdk8_tl/hotspot/src/share/vm/code/codeBlob.cpp
Compiling /home/openjdk/sources/jdk8_tl/hotspot/src/share/vm/asm/codeBuffer.cpp
Compiling /home/openjdk/sources/jdk8_tl/hotspot/src/share/vm/code/codeCache.cpp
Compiling /home/openjdk/sources/jdk8_tl/hotspot/src/share/vm/gc_interface/collectedHeap.cpp
Compiling /home/openjdk/sources/jdk8_tl/hotspot/src/share/vm/gc_implementation/g1/collectionSetChooser.cpp
Compiling /home/openjdk/sources/jdk8_tl/hotspot/src/share/vm/gc_implementation/shared/collectorCounters.cpp
Compiling /home/openjdk/sources/jdk8_tl/hotspot/src/share/vm/memory/collectorPolicy.cpp
Compiling /home/openjdk/sources/jdk8_tl/hotspot/src/share/vm/gc_implementation/concurrentMarkSweep/compactibleFreeListSpace.cpp
Compiling /home/openjdk/sources/jdk8_tl/hotspot/src/share/vm/runtime/compilationPolicy.cpp
Compiling /home/openjdk/sources/jdk8_tl/hotspot/src/share/vm/opto/compile.cpp
Compiling /home/openjdk/sources/jdk8_tl/hotspot/src/share/vm/compiler/compileBroker.cpp
Compiling /home/openjdk/sources/jdk8_tl/hotspot/src/share/vm/compiler/compileLog.cpp
Compiling /home/openjdk/sources/jdk8_tl/hotspot/src/share/vm/code/compiledIC.cpp
Compiling /home/openjdk/sources/jdk8_tl/hotspot/src/share/vm/oops/compiledICHolder.cpp
Compiling /home/openjdk/sources/jdk8_tl/hotspot/src/share/vm/compiler/compilerOracle.cpp
Compiling /home/openjdk/sources/jdk8_tl/hotspot/src/share/vm/code/compressedStream.cpp
Compiling /home/openjdk/sources/jdk8_tl/hotspot/src/share/vm/gc_implementation/g1/concurrentG1Refine.cpp
Compiling /home/openjdk/sources/jdk8_tl/hotspot/src/share/vm/gc_implementation/g1/concurrentG1RefineThread.cpp
Compiling /home/openjdk/sources/jdk8_tl/hotspot/src/share/vm/gc_implementation/shared/concurrentGCThread.cpp
Compiling /home/openjdk/sources/jdk8_tl/hotspot/src/share/vm/gc_implementation/g1/concurrentMark.cpp
Compiling /home/openjdk/sources/jdk8_tl/hotspot/src/share/vm/gc_implementation/concurrentMarkSweep/concurrentMarkSweepGeneration.cpp
Compiling /home/openjdk/sources/jdk8_tl/hotspot/src/share/vm/gc_implementation/concurrentMarkSweep/concurrentMarkSweepThread.cpp
Compiling /home/openjdk/sources/jdk8_tl/hotspot/src/share/vm/gc_implementation/g1/concurrentMarkThread.cpp
Compiling /home/openjdk/sources/jdk8_tl/hotspot/src/share/vm/opto/connode.cpp
Compiling /home/openjdk/sources/jdk8_tl/hotspot/src/share/vm/oops/constMethod.cpp
Compiling /home/openjdk/sources/jdk8_tl/hotspot/src/share/vm/oops/constantPool.cpp
Compiling /home/openjdk/sources/jdk8_tl/hotspot/src/share/vm/utilities/constantTag.cpp
Compiling /home/openjdk/sources/jdk8_tl/hotspot/src/share/vm/utilities/copy.cpp
Compiling /home/openjdk/sources/jdk8_tl/hotspot/src/share/vm/oops/cpCache.cpp
Compiling /home/openjdk/sources/jdk8_tl/hotspot/src/share/vm/interpreter/cppInterpreter.cpp
Compiling /home/openjdk/sources/jdk8_tl/hotspot/src/cpu/x86/vm/cppInterpreter_x86.cpp
Compiling /home/openjdk/sources/jdk8_tl/hotspot/src/share/vm/utilities/debug.cpp
Compiling /home/openjdk/sources/jdk8_tl/hotspot/src/share/vm/code/debugInfo.cpp
Compiling /home/openjdk/sources/jdk8_tl/hotspot/src/share/vm/code/debugInfoRec.cpp
Compiling /home/openjdk/sources/jdk8_tl/hotspot/src/cpu/x86/vm/debug_x86.cpp
Compiling /home/openjdk/sources/jdk8_tl/hotspot/src/share/vm/utilities/decoder.cpp
Compiling /home/openjdk/sources/jdk8_tl/hotspot/src/share/vm/utilities/decoder_elf.cpp
Compiling /home/openjdk/sources/jdk8_tl/hotspot/src/os/linux/vm/decoder_linux.cpp
Compiling /home/openjdk/sources/jdk8_tl/hotspot/src/share/vm/memory/defNewGeneration.cpp
Compiling /home/openjdk/sources/jdk8_tl/hotspot/src/share/vm/classfile/defaultMethods.cpp
Compiling /home/openjdk/sources/jdk8_tl/hotspot/src/share/vm/runtime/deoptimization.cpp
Compiling /home/openjdk/sources/jdk8_tl/hotspot/src/cpu/x86/vm/depChecker_x86.cpp
Compiling /home/openjdk/sources/jdk8_tl/hotspot/src/share/vm/code/dependencies.cpp
Compiling ../generated/adfiles/dfa_x86_64.cpp
Compiling /home/openjdk/sources/jdk8_tl/hotspot/src/share/vm/services/diagnosticArgument.cpp
Compiling /home/openjdk/sources/jdk8_tl/hotspot/src/share/vm/services/diagnosticCommand.cpp
Compiling /home/openjdk/sources/jdk8_tl/hotspot/src/share/vm/services/diagnosticFramework.cpp
Compiling /home/openjdk/sources/jdk8_tl/hotspot/src/share/vm/libadt/dict.cpp
Compiling /home/openjdk/sources/jdk8_tl/hotspot/src/share/vm/classfile/dictionary.cpp
Compiling /home/openjdk/sources/jdk8_tl/hotspot/src/share/vm/gc_implementation/g1/dirtyCardQueue.cpp
Compiling /home/openjdk/sources/jdk8_tl/hotspot/src/share/vm/compiler/disassembler.cpp
Compiling /home/openjdk/sources/jdk8_tl/hotspot/src/share/vm/opto/divnode.cpp
Compiling /home/openjdk/sources/jdk8_tl/hotspot/src/share/vm/opto/doCall.cpp
Compiling /home/openjdk/sources/jdk8_tl/hotspot/src/share/vm/opto/domgraph.cpp
Compiling /home/openjdk/sources/jdk8_tl/hotspot/src/share/vm/services/dtraceAttacher.cpp
Compiling /home/openjdk/sources/jdk8_tl/hotspot/src/share/vm/runtime/dtraceJSDT.cpp
Compiling /home/openjdk/sources/jdk8_tl/hotspot/src/os/linux/vm/dtraceJSDT_linux.cpp
Compiling /home/openjdk/sources/jdk8_tl/hotspot/src/share/vm/utilities/elfFile.cpp
Compiling /home/openjdk/sources/jdk8_tl/hotspot/src/share/vm/utilities/elfStringTable.cpp
Compiling /home/openjdk/sources/jdk8_tl/hotspot/src/share/vm/utilities/elfSymbolTable.cpp
Compiling /home/openjdk/sources/jdk8_tl/hotspot/src/share/vm/utilities/errorReporter.cpp
Compiling /home/openjdk/sources/jdk8_tl/hotspot/src/share/vm/opto/escape.cpp
Compiling /home/openjdk/sources/jdk8_tl/hotspot/src/share/vm/utilities/events.cpp
Compiling /home/openjdk/sources/jdk8_tl/hotspot/src/share/vm/prims/evmCompat.cpp
Compiling /home/openjdk/sources/jdk8_tl/hotspot/src/share/vm/code/exceptionHandlerTable.cpp
Compiling /home/openjdk/sources/jdk8_tl/hotspot/src/share/vm/utilities/exceptions.cpp
Compiling /home/openjdk/sources/jdk8_tl/hotspot/src/share/vm/runtime/fieldDescriptor.cpp
Compiling /home/openjdk/sources/jdk8_tl/hotspot/src/share/vm/runtime/fieldType.cpp
Compiling /home/openjdk/sources/jdk8_tl/hotspot/src/share/vm/memory/filemap.cpp
Compiling /home/openjdk/sources/jdk8_tl/hotspot/src/share/vm/prims/forte.cpp
Compiling /home/openjdk/sources/jdk8_tl/hotspot/src/share/vm/runtime/fprofiler.cpp
Compiling /home/openjdk/sources/jdk8_tl/hotspot/src/share/vm/runtime/frame.cpp
Compiling /home/openjdk/sources/jdk8_tl/hotspot/src/cpu/x86/vm/frame_x86.cpp
Compiling /home/openjdk/sources/jdk8_tl/hotspot/src/share/vm/memory/freeBlockDictionary.cpp
Compiling /home/openjdk/sources/jdk8_tl/hotspot/src/share/vm/gc_implementation/concurrentMarkSweep/freeChunk.cpp
Compiling /home/openjdk/sources/jdk8_tl/hotspot/src/share/vm/memory/freeList.cpp
Compiling /home/openjdk/sources/jdk8_tl/hotspot/src/share/vm/gc_implementation/g1/g1AllocRegion.cpp
Compiling /home/openjdk/sources/jdk8_tl/hotspot/src/share/vm/gc_implementation/g1/g1BlockOffsetTable.cpp
Compiling /home/openjdk/sources/jdk8_tl/hotspot/src/share/vm/gc_implementation/g1/g1CollectedHeap.cpp
Compiling /home/openjdk/sources/jdk8_tl/hotspot/src/share/vm/gc_implementation/g1/g1CollectorPolicy.cpp
Compiling /home/openjdk/sources/jdk8_tl/hotspot/src/share/vm/gc_implementation/g1/g1ErgoVerbose.cpp
Compiling /home/openjdk/sources/jdk8_tl/hotspot/src/share/vm/gc_implementation/g1/g1GCPhaseTimes.cpp
Compiling /home/openjdk/sources/jdk8_tl/hotspot/src/share/vm/gc_implementation/g1/g1HRPrinter.cpp
Compiling /home/openjdk/sources/jdk8_tl/hotspot/src/share/vm/gc_implementation/g1/g1Log.cpp
Compiling /home/openjdk/sources/jdk8_tl/hotspot/src/share/vm/gc_implementation/g1/g1MMUTracker.cpp
Compiling /home/openjdk/sources/jdk8_tl/hotspot/src/share/vm/gc_implementation/g1/g1MarkSweep.cpp
Compiling /home/openjdk/sources/jdk8_tl/hotspot/src/share/vm/services/g1MemoryPool.cpp
Compiling /home/openjdk/sources/jdk8_tl/hotspot/src/share/vm/gc_implementation/g1/g1MonitoringSupport.cpp
Compiling /home/openjdk/sources/jdk8_tl/hotspot/src/share/vm/gc_implementation/g1/g1RemSet.cpp
Compiling /home/openjdk/sources/jdk8_tl/hotspot/src/share/vm/gc_implementation/g1/g1SATBCardTableModRefBS.cpp
Compiling /home/openjdk/sources/jdk8_tl/hotspot/src/share/vm/gc_implementation/g1/g1_globals.cpp
Compiling /home/openjdk/sources/jdk8_tl/hotspot/src/share/vm/gc_implementation/shared/gSpaceCounters.cpp
Compiling /home/openjdk/sources/jdk8_tl/hotspot/src/share/vm/gc_implementation/shared/gcAdaptivePolicyCounters.cpp
Compiling /home/openjdk/sources/jdk8_tl/hotspot/src/share/vm/gc_interface/gcCause.cpp
Compiling /home/openjdk/sources/jdk8_tl/hotspot/src/share/vm/memory/gcLocker.cpp
Compiling /home/openjdk/sources/jdk8_tl/hotspot/src/share/vm/services/gcNotifier.cpp
Compiling /home/openjdk/sources/jdk8_tl/hotspot/src/share/vm/gc_implementation/shared/gcPolicyCounters.cpp
Compiling /home/openjdk/sources/jdk8_tl/hotspot/src/share/vm/gc_implementation/shared/gcStats.cpp
Compiling /home/openjdk/sources/jdk8_tl/hotspot/src/share/vm/gc_implementation/parallelScavenge/gcTaskManager.cpp
Compiling /home/openjdk/sources/jdk8_tl/hotspot/src/share/vm/gc_implementation/parallelScavenge/gcTaskThread.cpp
Compiling /home/openjdk/sources/jdk8_tl/hotspot/src/share/vm/gc_implementation/shared/gcUtil.cpp
Compiling /home/openjdk/sources/jdk8_tl/hotspot/src/share/vm/opto/gcm.cpp
Compiling /home/openjdk/sources/jdk8_tl/hotspot/src/share/vm/memory/genCollectedHeap.cpp
Compiling /home/openjdk/sources/jdk8_tl/hotspot/src/share/vm/memory/genMarkSweep.cpp
Compiling /home/openjdk/sources/jdk8_tl/hotspot/src/share/vm/memory/genRemSet.cpp
Compiling /home/openjdk/sources/jdk8_tl/hotspot/src/share/vm/oops/generateOopMap.cpp
Compiling /home/openjdk/sources/jdk8_tl/hotspot/src/share/vm/opto/generateOptoStub.cpp
Compiling /home/openjdk/sources/jdk8_tl/hotspot/src/share/vm/memory/generation.cpp
Compiling /home/openjdk/sources/jdk8_tl/hotspot/src/share/vm/gc_implementation/shared/generationCounters.cpp
Compiling /home/openjdk/sources/jdk8_tl/hotspot/src/share/vm/memory/generationSpec.cpp
Compiling /home/openjdk/sources/jdk8_tl/hotspot/src/share/vm/classfile/genericSignatures.cpp
Compiling /home/openjdk/sources/jdk8_tl/hotspot/src/share/vm/utilities/globalDefinitions.cpp
Compiling /home/openjdk/sources/jdk8_tl/hotspot/src/share/vm/runtime/globals.cpp
Compiling /home/openjdk/sources/jdk8_tl/hotspot/src/share/vm/opto/graphKit.cpp
Compiling /home/openjdk/sources/jdk8_tl/hotspot/src/share/vm/utilities/growableArray.cpp
Compiling /home/openjdk/sources/jdk8_tl/hotspot/src/share/vm/gc_implementation/shared/hSpaceCounters.cpp
Compiling /home/openjdk/sources/jdk8_tl/hotspot/src/share/vm/runtime/handles.cpp
Compiling /home/openjdk/sources/jdk8_tl/hotspot/src/share/vm/utilities/hashtable.cpp
Compiling /home/openjdk/sources/jdk8_tl/hotspot/src/share/vm/memory/heap.cpp
Compiling /home/openjdk/sources/jdk8_tl/hotspot/src/share/vm/services/heapDumper.cpp
Compiling /home/openjdk/sources/jdk8_tl/hotspot/src/share/vm/memory/heapInspection.cpp
Compiling /home/openjdk/sources/jdk8_tl/hotspot/src/share/vm/gc_implementation/g1/heapRegion.cpp
Compiling /home/openjdk/sources/jdk8_tl/hotspot/src/share/vm/gc_implementation/g1/heapRegionRemSet.cpp
Compiling /home/openjdk/sources/jdk8_tl/hotspot/src/share/vm/gc_implementation/g1/heapRegionSeq.cpp
Compiling /home/openjdk/sources/jdk8_tl/hotspot/src/share/vm/gc_implementation/g1/heapRegionSet.cpp
Compiling /home/openjdk/sources/jdk8_tl/hotspot/src/share/vm/gc_implementation/g1/heapRegionSets.cpp
Compiling /home/openjdk/sources/jdk8_tl/hotspot/src/share/vm/utilities/histogram.cpp
Compiling /home/openjdk/sources/jdk8_tl/hotspot/src/share/vm/code/icBuffer.cpp
Compiling /home/openjdk/sources/jdk8_tl/hotspot/src/cpu/x86/vm/icBuffer_x86.cpp
Compiling /home/openjdk/sources/jdk8_tl/hotspot/src/share/vm/runtime/icache.cpp
Compiling /home/openjdk/sources/jdk8_tl/hotspot/src/cpu/x86/vm/icache_x86.cpp
Compiling /home/openjdk/sources/jdk8_tl/hotspot/src/share/vm/opto/idealGraphPrinter.cpp
Compiling /home/openjdk/sources/jdk8_tl/hotspot/src/share/vm/opto/idealKit.cpp
Compiling /home/openjdk/sources/jdk8_tl/hotspot/src/share/vm/opto/ifg.cpp
Compiling /home/openjdk/sources/jdk8_tl/hotspot/src/share/vm/opto/ifnode.cpp
Compiling /home/openjdk/sources/jdk8_tl/hotspot/src/share/vm/gc_implementation/shared/immutableSpace.cpp
Compiling /home/openjdk/sources/jdk8_tl/hotspot/src/share/vm/opto/indexSet.cpp
Compiling /home/openjdk/sources/jdk8_tl/hotspot/src/share/vm/runtime/init.cpp
Compiling /home/openjdk/sources/jdk8_tl/hotspot/src/share/vm/oops/instanceClassLoaderKlass.cpp
Compiling /home/openjdk/sources/jdk8_tl/hotspot/src/share/vm/oops/instanceKlass.cpp
Compiling /home/openjdk/sources/jdk8_tl/hotspot/src/share/vm/oops/instanceMirrorKlass.cpp
Compiling /home/openjdk/sources/jdk8_tl/hotspot/src/share/vm/oops/instanceOop.cpp
Compiling /home/openjdk/sources/jdk8_tl/hotspot/src/share/vm/oops/instanceRefKlass.cpp
Compiling /home/openjdk/sources/jdk8_tl/hotspot/src/share/vm/utilities/intHisto.cpp
Compiling /home/openjdk/sources/jdk8_tl/hotspot/src/share/vm/runtime/interfaceSupport.cpp
Compiling /home/openjdk/sources/jdk8_tl/hotspot/src/cpu/x86/vm/interp_masm_x86_64.cpp
Compiling /home/openjdk/sources/jdk8_tl/hotspot/src/share/vm/interpreter/interpreter.cpp
Compiling /home/openjdk/sources/jdk8_tl/hotspot/src/cpu/x86/vm/interpreterRT_x86_64.cpp
Compiling /home/openjdk/sources/jdk8_tl/hotspot/src/share/vm/interpreter/interpreterRuntime.cpp
Compiling /home/openjdk/sources/jdk8_tl/hotspot/src/cpu/x86/vm/interpreter_x86_64.cpp
Compiling /home/openjdk/sources/jdk8_tl/hotspot/src/share/vm/interpreter/invocationCounter.cpp
Compiling /home/openjdk/sources/jdk8_tl/hotspot/src/share/vm/memory/iterator.cpp
Compiling /home/openjdk/sources/jdk8_tl/hotspot/src/share/vm/runtime/java.cpp
Compiling /home/openjdk/sources/jdk8_tl/hotspot/src/share/vm/classfile/javaAssertions.cpp
Compiling /home/openjdk/sources/jdk8_tl/hotspot/src/share/vm/runtime/javaCalls.cpp
Compiling /home/openjdk/sources/jdk8_tl/hotspot/src/share/vm/classfile/javaClasses.cpp
Compiling /home/openjdk/sources/jdk8_tl/hotspot/src/share/vm/prims/jni.cpp
Compiling /home/openjdk/sources/jdk8_tl/hotspot/src/share/vm/prims/jniCheck.cpp
Compiling /home/openjdk/sources/jdk8_tl/hotspot/src/share/vm/prims/jniFastGetField.cpp
Compiling /home/openjdk/sources/jdk8_tl/hotspot/src/cpu/x86/vm/jniFastGetField_x86_64.cpp
Compiling /home/openjdk/sources/jdk8_tl/hotspot/src/share/vm/runtime/jniHandles.cpp
Compiling /home/openjdk/sources/jdk8_tl/hotspot/src/share/vm/runtime/jniPeriodicChecker.cpp
Compiling /home/openjdk/sources/jdk8_tl/hotspot/src/share/vm/prims/jvm.cpp
Compiling /home/openjdk/sources/jdk8_tl/hotspot/src/share/vm/prims/jvmtiClassFileReconstituter.cpp
Compiling /home/openjdk/sources/jdk8_tl/hotspot/src/os/linux/vm/jvm_linux.cpp
Compiling /home/openjdk/sources/jdk8_tl/hotspot/src/share/vm/prims/jvmtiCodeBlobEvents.cpp
Compiling ../generated/jvmtifiles/jvmtiEnter.cpp
Compiling ../generated/jvmtifiles/jvmtiEnterTrace.cpp
Compiling /home/openjdk/sources/jdk8_tl/hotspot/src/share/vm/prims/jvmtiEnv.cpp
Compiling /home/openjdk/sources/jdk8_tl/hotspot/src/share/vm/prims/jvmtiEnvBase.cpp
Compiling /home/openjdk/sources/jdk8_tl/hotspot/src/share/vm/prims/jvmtiEnvThreadState.cpp
Compiling /home/openjdk/sources/jdk8_tl/hotspot/src/share/vm/prims/jvmtiEventController.cpp
Compiling /home/openjdk/sources/jdk8_tl/hotspot/src/share/vm/prims/jvmtiExport.cpp
Compiling /home/openjdk/sources/jdk8_tl/hotspot/src/share/vm/prims/jvmtiExtensions.cpp
Compiling /home/openjdk/sources/jdk8_tl/hotspot/src/share/vm/prims/jvmtiGetLoadedClasses.cpp
Compiling /home/openjdk/sources/jdk8_tl/hotspot/src/share/vm/prims/jvmtiImpl.cpp
Compiling /home/openjdk/sources/jdk8_tl/hotspot/src/share/vm/prims/jvmtiManageCapabilities.cpp
Compiling /home/openjdk/sources/jdk8_tl/hotspot/src/share/vm/prims/jvmtiRawMonitor.cpp
Compiling /home/openjdk/sources/jdk8_tl/hotspot/src/share/vm/prims/jvmtiRedefineClasses.cpp
Compiling /home/openjdk/sources/jdk8_tl/hotspot/src/share/vm/prims/jvmtiTagMap.cpp
Compiling /home/openjdk/sources/jdk8_tl/hotspot/src/share/vm/prims/jvmtiThreadState.cpp
Compiling /home/openjdk/sources/jdk8_tl/hotspot/src/share/vm/prims/jvmtiUtil.cpp
Compiling /home/openjdk/sources/jdk8_tl/hotspot/src/share/vm/prims/jvmtiTrace.cpp
Compiling /home/openjdk/sources/jdk8_tl/hotspot/src/share/vm/oops/klass.cpp
Compiling /home/openjdk/sources/jdk8_tl/hotspot/src/share/vm/oops/klassVtable.cpp
Compiling /home/openjdk/sources/jdk8_tl/hotspot/src/share/vm/opto/lcm.cpp
Compiling /home/openjdk/sources/jdk8_tl/hotspot/src/share/vm/opto/library_call.cpp
Compiling /home/openjdk/sources/jdk8_tl/hotspot/src/share/vm/interpreter/linkResolver.cpp
Assembling /home/openjdk/sources/jdk8_tl/hotspot/src/os_cpu/linux_x86/vm/linux_x86_64.s
Compiling /home/openjdk/sources/jdk8_tl/hotspot/src/share/vm/opto/live.cpp
Compiling /home/openjdk/sources/jdk8_tl/hotspot/src/share/vm/classfile/loaderConstraints.cpp
Compiling /home/openjdk/sources/jdk8_tl/hotspot/src/share/vm/code/location.cpp
Compiling /home/openjdk/sources/jdk8_tl/hotspot/src/share/vm/opto/locknode.cpp
Compiling /home/openjdk/sources/jdk8_tl/hotspot/src/share/vm/opto/loopPredicate.cpp
Compiling /home/openjdk/sources/jdk8_tl/hotspot/src/share/vm/opto/loopTransform.cpp
Compiling /home/openjdk/sources/jdk8_tl/hotspot/src/share/vm/opto/loopUnswitch.cpp
Compiling /home/openjdk/sources/jdk8_tl/hotspot/src/share/vm/opto/loopnode.cpp
Compiling /home/openjdk/sources/jdk8_tl/hotspot/src/share/vm/opto/loopopts.cpp
Compiling /home/openjdk/sources/jdk8_tl/hotspot/src/share/vm/services/lowMemoryDetector.cpp
Compiling /home/openjdk/sources/jdk8_tl/hotspot/src/share/vm/opto/machnode.cpp
Compiling /home/openjdk/sources/jdk8_tl/hotspot/src/share/vm/opto/macro.cpp
Compiling /home/openjdk/sources/jdk8_tl/hotspot/src/share/vm/services/management.cpp
Compiling /home/openjdk/sources/jdk8_tl/hotspot/src/share/vm/oops/markOop.cpp
Compiling /home/openjdk/sources/jdk8_tl/hotspot/src/share/vm/gc_implementation/shared/markSweep.cpp
Compiling /home/openjdk/sources/jdk8_tl/hotspot/src/share/vm/opto/matcher.cpp
Compiling /home/openjdk/sources/jdk8_tl/hotspot/src/share/vm/services/memBaseline.cpp
Compiling /home/openjdk/sources/jdk8_tl/hotspot/src/share/vm/services/memPtr.cpp
Compiling /home/openjdk/sources/jdk8_tl/hotspot/src/share/vm/services/memRecorder.cpp
Compiling /home/openjdk/sources/jdk8_tl/hotspot/src/share/vm/memory/memRegion.cpp
Compiling /home/openjdk/sources/jdk8_tl/hotspot/src/share/vm/services/memReporter.cpp
Compiling /home/openjdk/sources/jdk8_tl/hotspot/src/share/vm/services/memSnapshot.cpp
Compiling /home/openjdk/sources/jdk8_tl/hotspot/src/share/vm/services/memTrackWorker.cpp
Compiling /home/openjdk/sources/jdk8_tl/hotspot/src/share/vm/services/memTracker.cpp
Compiling /home/openjdk/sources/jdk8_tl/hotspot/src/share/vm/opto/memnode.cpp
Compiling /home/openjdk/sources/jdk8_tl/hotspot/src/share/vm/services/memoryManager.cpp
Compiling /home/openjdk/sources/jdk8_tl/hotspot/src/share/vm/services/memoryPool.cpp
Compiling /home/openjdk/sources/jdk8_tl/hotspot/src/share/vm/services/memoryService.cpp
Compiling /home/openjdk/sources/jdk8_tl/hotspot/src/share/vm/runtime/memprofiler.cpp
Compiling /home/openjdk/sources/jdk8_tl/hotspot/src/share/vm/oops/metadata.cpp
Compiling /home/openjdk/sources/jdk8_tl/hotspot/src/share/vm/memory/metaspace.cpp
Compiling /home/openjdk/sources/jdk8_tl/hotspot/src/share/vm/memory/metaspaceCounters.cpp
Compiling /home/openjdk/sources/jdk8_tl/hotspot/src/share/vm/memory/metaspaceShared.cpp
Compiling /home/openjdk/sources/jdk8_tl/hotspot/src/cpu/x86/vm/metaspaceShared_x86_64.cpp
Compiling /home/openjdk/sources/jdk8_tl/hotspot/src/share/vm/oops/method.cpp
Compiling /home/openjdk/sources/jdk8_tl/hotspot/src/share/vm/prims/methodComparator.cpp
Compiling /home/openjdk/sources/jdk8_tl/hotspot/src/share/vm/oops/methodData.cpp
Compiling /home/openjdk/sources/jdk8_tl/hotspot/src/share/vm/prims/methodHandles.cpp
Compiling /home/openjdk/sources/jdk8_tl/hotspot/src/cpu/x86/vm/methodHandles_x86.cpp
Compiling /home/openjdk/sources/jdk8_tl/hotspot/src/share/vm/compiler/methodLiveness.cpp
Compiling /home/openjdk/sources/jdk8_tl/hotspot/src/share/vm/runtime/monitorChunk.cpp
Compiling /home/openjdk/sources/jdk8_tl/hotspot/src/share/vm/opto/mulnode.cpp
Compiling /home/openjdk/sources/jdk8_tl/hotspot/src/share/vm/opto/multnode.cpp
Compiling /home/openjdk/sources/jdk8_tl/hotspot/src/share/vm/gc_implementation/shared/mutableNUMASpace.cpp
Compiling /home/openjdk/sources/jdk8_tl/hotspot/src/share/vm/gc_implementation/shared/mutableSpace.cpp
Compiling /home/openjdk/sources/jdk8_tl/hotspot/src/share/vm/runtime/mutex.cpp
Compiling /home/openjdk/sources/jdk8_tl/hotspot/src/share/vm/runtime/mutexLocker.cpp
Compiling /home/openjdk/sources/jdk8_tl/hotspot/src/os/linux/vm/mutex_linux.cpp
Compiling /home/openjdk/sources/jdk8_tl/hotspot/src/cpu/x86/vm/nativeInst_x86.cpp
Compiling /home/openjdk/sources/jdk8_tl/hotspot/src/share/vm/prims/nativeLookup.cpp
Compiling /home/openjdk/sources/jdk8_tl/hotspot/src/share/vm/code/nmethod.cpp
Compiling /home/openjdk/sources/jdk8_tl/hotspot/src/share/vm/services/nmtDCmd.cpp
Compiling /home/openjdk/sources/jdk8_tl/hotspot/src/share/vm/opto/node.cpp
Compiling /home/openjdk/sources/jdk8_tl/hotspot/src/share/vm/utilities/numberSeq.cpp
Compiling /home/openjdk/sources/jdk8_tl/hotspot/src/share/vm/oops/objArrayKlass.cpp
Compiling /home/openjdk/sources/jdk8_tl/hotspot/src/share/vm/oops/objArrayOop.cpp
Compiling /home/openjdk/sources/jdk8_tl/hotspot/src/share/vm/runtime/objectMonitor.cpp
Compiling /home/openjdk/sources/jdk8_tl/hotspot/src/share/vm/gc_implementation/parallelScavenge/objectStartArray.cpp
Compiling /home/openjdk/sources/jdk8_tl/hotspot/src/share/vm/oops/oop.cpp
Compiling /home/openjdk/sources/jdk8_tl/hotspot/src/share/vm/memory/oopFactory.cpp
Compiling /home/openjdk/sources/jdk8_tl/hotspot/src/share/vm/compiler/oopMap.cpp
Compiling /home/openjdk/sources/jdk8_tl/hotspot/src/share/vm/interpreter/oopMapCache.cpp
Compiling /home/openjdk/sources/jdk8_tl/hotspot/src/share/vm/code/oopRecorder.cpp
Compiling /home/openjdk/sources/jdk8_tl/hotspot/src/share/vm/oops/oopsHierarchy.cpp
Compiling /home/openjdk/sources/jdk8_tl/hotspot/src/share/vm/opto/opcodes.cpp
Compiling /home/openjdk/sources/jdk8_tl/hotspot/src/share/vm/runtime/orderAccess.cpp
Compiling /home/openjdk/sources/jdk8_tl/hotspot/src/share/vm/runtime/os.cpp
Compiling /home/openjdk/sources/jdk8_tl/hotspot/src/share/vm/runtime/osThread.cpp
Compiling /home/openjdk/sources/jdk8_tl/hotspot/src/os/linux/vm/osThread_linux.cpp
Compiling /home/openjdk/sources/jdk8_tl/hotspot/src/os/linux/vm/os_linux.cpp
Compiling /home/openjdk/sources/jdk8_tl/hotspot/src/os_cpu/linux_x86/vm/os_linux_x86.cpp
Compiling /home/openjdk/sources/jdk8_tl/hotspot/src/os/posix/vm/os_posix.cpp
Compiling /home/openjdk/sources/jdk8_tl/hotspot/src/share/vm/utilities/ostream.cpp
Compiling /home/openjdk/sources/jdk8_tl/hotspot/src/share/vm/opto/output.cpp
Compiling /home/openjdk/sources/jdk8_tl/hotspot/src/share/vm/gc_implementation/parNew/parCardTableModRefBS.cpp
Compiling /home/openjdk/sources/jdk8_tl/hotspot/src/share/vm/gc_implementation/shared/parGCAllocBuffer.cpp
Compiling /home/openjdk/sources/jdk8_tl/hotspot/src/share/vm/gc_implementation/parallelScavenge/parMarkBitMap.cpp
Compiling /home/openjdk/sources/jdk8_tl/hotspot/src/share/vm/gc_implementation/parNew/parNewGeneration.cpp
Compiling /home/openjdk/sources/jdk8_tl/hotspot/src/share/vm/gc_implementation/parallelScavenge/parallelScavengeHeap.cpp
Compiling /home/openjdk/sources/jdk8_tl/hotspot/src/share/vm/runtime/park.cpp
Compiling /home/openjdk/sources/jdk8_tl/hotspot/src/share/vm/opto/parse1.cpp
Compiling /home/openjdk/sources/jdk8_tl/hotspot/src/share/vm/opto/parse2.cpp
Compiling /home/openjdk/sources/jdk8_tl/hotspot/src/share/vm/opto/parse3.cpp
Compiling /home/openjdk/sources/jdk8_tl/hotspot/src/share/vm/opto/parseHelper.cpp
Compiling /home/openjdk/sources/jdk8_tl/hotspot/src/share/vm/prims/wbtestmethods/parserTests.cpp
Compiling /home/openjdk/sources/jdk8_tl/hotspot/src/share/vm/code/pcDesc.cpp
Compiling /home/openjdk/sources/jdk8_tl/hotspot/src/share/vm/gc_implementation/parallelScavenge/pcTasks.cpp
Compiling /home/openjdk/sources/jdk8_tl/hotspot/src/share/vm/prims/perf.cpp
Compiling /home/openjdk/sources/jdk8_tl/hotspot/src/share/vm/runtime/perfData.cpp
Compiling /home/openjdk/sources/jdk8_tl/hotspot/src/share/vm/runtime/perfMemory.cpp
Compiling /home/openjdk/sources/jdk8_tl/hotspot/src/os/linux/vm/perfMemory_linux.cpp
Compiling /home/openjdk/sources/jdk8_tl/hotspot/src/share/vm/opto/phase.cpp
Compiling /home/openjdk/sources/jdk8_tl/hotspot/src/share/vm/opto/phaseX.cpp
Compiling /home/openjdk/sources/jdk8_tl/hotspot/src/share/vm/classfile/placeholders.cpp
Compiling /home/openjdk/sources/jdk8_tl/hotspot/src/share/vm/libadt/port.cpp
Compiling /home/openjdk/sources/jdk8_tl/hotspot/src/share/vm/opto/postaloc.cpp
Compiling /home/openjdk/sources/jdk8_tl/hotspot/src/share/vm/utilities/preserveException.cpp
Compiling /home/openjdk/sources/jdk8_tl/hotspot/src/share/vm/prims/privilegedStack.cpp
Compiling /home/openjdk/sources/jdk8_tl/hotspot/src/share/vm/gc_implementation/concurrentMarkSweep/promotionInfo.cpp
Compiling /home/openjdk/sources/jdk8_tl/hotspot/src/share/vm/gc_implementation/parallelScavenge/psAdaptiveSizePolicy.cpp
Compiling /home/openjdk/sources/jdk8_tl/hotspot/src/share/vm/gc_implementation/parallelScavenge/psCompactionManager.cpp
Compiling /home/openjdk/sources/jdk8_tl/hotspot/src/share/vm/gc_implementation/parallelScavenge/psGCAdaptivePolicyCounters.cpp
Compiling /home/openjdk/sources/jdk8_tl/hotspot/src/share/vm/gc_implementation/parallelScavenge/psGenerationCounters.cpp
Compiling /home/openjdk/sources/jdk8_tl/hotspot/src/share/vm/gc_implementation/parallelScavenge/psMarkSweep.cpp
Compiling /home/openjdk/sources/jdk8_tl/hotspot/src/share/vm/gc_implementation/parallelScavenge/psMarkSweepDecorator.cpp
Compiling /home/openjdk/sources/jdk8_tl/hotspot/src/share/vm/services/psMemoryPool.cpp
Compiling /home/openjdk/sources/jdk8_tl/hotspot/src/share/vm/gc_implementation/parallelScavenge/psOldGen.cpp
Compiling /home/openjdk/sources/jdk8_tl/hotspot/src/share/vm/gc_implementation/parallelScavenge/psPromotionLAB.cpp
Compiling /home/openjdk/sources/jdk8_tl/hotspot/src/share/vm/gc_implementation/parallelScavenge/psParallelCompact.cpp
Compiling /home/openjdk/sources/jdk8_tl/hotspot/src/share/vm/gc_implementation/parallelScavenge/psPromotionManager.cpp
Compiling /home/openjdk/sources/jdk8_tl/hotspot/src/share/vm/gc_implementation/parallelScavenge/psScavenge.cpp
Compiling /home/openjdk/sources/jdk8_tl/hotspot/src/share/vm/gc_implementation/parallelScavenge/psTasks.cpp
Compiling /home/openjdk/sources/jdk8_tl/hotspot/src/share/vm/gc_implementation/parallelScavenge/psVirtualspace.cpp
Compiling /home/openjdk/sources/jdk8_tl/hotspot/src/share/vm/gc_implementation/parallelScavenge/psYoungGen.cpp
Compiling /home/openjdk/sources/jdk8_tl/hotspot/src/share/vm/gc_implementation/g1/ptrQueue.cpp
Compiling /home/openjdk/sources/jdk8_tl/hotspot/src/share/vm/utilities/quickSort.cpp
Compiling /home/openjdk/sources/jdk8_tl/hotspot/src/share/vm/memory/referencePolicy.cpp
Compiling /home/openjdk/sources/jdk8_tl/hotspot/src/share/vm/memory/referenceProcessor.cpp
Compiling /home/openjdk/sources/jdk8_tl/hotspot/src/share/vm/runtime/reflection.cpp
Compiling /home/openjdk/sources/jdk8_tl/hotspot/src/share/vm/runtime/reflectionUtils.cpp
Compiling /home/openjdk/sources/jdk8_tl/hotspot/src/share/vm/opto/reg_split.cpp
Compiling /home/openjdk/sources/jdk8_tl/hotspot/src/share/vm/opto/regalloc.cpp
Compiling /home/openjdk/sources/jdk8_tl/hotspot/src/share/vm/asm/register.cpp
Compiling /home/openjdk/sources/jdk8_tl/hotspot/src/cpu/x86/vm/register_definitions_x86.cpp
Compiling /home/openjdk/sources/jdk8_tl/hotspot/src/cpu/x86/vm/register_x86.cpp
Compiling /home/openjdk/sources/jdk8_tl/hotspot/src/share/vm/opto/regmask.cpp
Compiling /home/openjdk/sources/jdk8_tl/hotspot/src/share/vm/code/relocInfo.cpp
Compiling /home/openjdk/sources/jdk8_tl/hotspot/src/cpu/x86/vm/relocInfo_x86.cpp
Compiling /home/openjdk/sources/jdk8_tl/hotspot/src/share/vm/runtime/relocator.cpp
Compiling /home/openjdk/sources/jdk8_tl/hotspot/src/share/vm/classfile/resolutionErrors.cpp
Compiling /home/openjdk/sources/jdk8_tl/hotspot/src/share/vm/memory/resourceArea.cpp
Compiling /home/openjdk/sources/jdk8_tl/hotspot/src/share/vm/interpreter/rewriter.cpp
Compiling /home/openjdk/sources/jdk8_tl/hotspot/src/share/vm/runtime/rframe.cpp
Compiling /home/openjdk/sources/jdk8_tl/hotspot/src/share/vm/opto/rootnode.cpp
Compiling /home/openjdk/sources/jdk8_tl/hotspot/src/share/vm/opto/runtime.cpp
Compiling /home/openjdk/sources/jdk8_tl/hotspot/src/share/vm/services/runtimeService.cpp
Compiling /home/openjdk/sources/jdk8_tl/hotspot/src/cpu/x86/vm/runtime_x86_64.cpp
Compiling /home/openjdk/sources/jdk8_tl/hotspot/src/share/vm/runtime/safepoint.cpp
Compiling /home/openjdk/sources/jdk8_tl/hotspot/src/share/vm/gc_implementation/g1/satbQueue.cpp
Compiling /home/openjdk/sources/jdk8_tl/hotspot/src/share/vm/code/scopeDesc.cpp
Compiling /home/openjdk/sources/jdk8_tl/hotspot/src/share/vm/runtime/serviceThread.cpp
Compiling /home/openjdk/sources/jdk8_tl/hotspot/src/share/vm/libadt/set.cpp
Compiling /home/openjdk/sources/jdk8_tl/hotspot/src/share/vm/memory/sharedHeap.cpp
Compiling /home/openjdk/sources/jdk8_tl/hotspot/src/share/vm/runtime/sharedRuntime.cpp
Compiling /home/openjdk/sources/jdk8_tl/hotspot/src/share/vm/runtime/sharedRuntimeTrans.cpp
Compiling /home/openjdk/sources/jdk8_tl/hotspot/src/share/vm/runtime/sharedRuntimeTrig.cpp
Compiling /home/openjdk/sources/jdk8_tl/hotspot/src/cpu/x86/vm/sharedRuntime_x86_64.cpp
Compiling /home/openjdk/sources/jdk8_tl/hotspot/src/share/vm/runtime/signature.cpp
Compiling /home/openjdk/sources/jdk8_tl/hotspot/src/share/vm/runtime/simpleThresholdPolicy.cpp
Compiling /home/openjdk/sources/jdk8_tl/hotspot/src/share/vm/utilities/sizes.cpp
Compiling /home/openjdk/sources/jdk8_tl/hotspot/src/share/vm/memory/space.cpp
Compiling /home/openjdk/sources/jdk8_tl/hotspot/src/share/vm/gc_implementation/shared/spaceCounters.cpp
Compiling /home/openjdk/sources/jdk8_tl/hotspot/src/share/vm/gc_implementation/shared/spaceDecorator.cpp
Compiling /home/openjdk/sources/jdk8_tl/hotspot/src/share/vm/gc_implementation/g1/sparsePRT.cpp
Compiling /home/openjdk/sources/jdk8_tl/hotspot/src/share/vm/memory/specialized_oop_closures.cpp
Compiling /home/openjdk/sources/jdk8_tl/hotspot/src/share/vm/opto/split_if.cpp
Compiling /home/openjdk/sources/jdk8_tl/hotspot/src/share/vm/classfile/stackMapFrame.cpp
Compiling /home/openjdk/sources/jdk8_tl/hotspot/src/share/vm/runtime/stackValue.cpp
Compiling /home/openjdk/sources/jdk8_tl/hotspot/src/share/vm/classfile/stackMapTable.cpp
Compiling /home/openjdk/sources/jdk8_tl/hotspot/src/share/vm/runtime/stackValueCollection.cpp
Compiling /home/openjdk/sources/jdk8_tl/hotspot/src/share/vm/runtime/statSampler.cpp
Compiling /home/openjdk/sources/jdk8_tl/hotspot/src/share/vm/opto/stringopts.cpp
Compiling /home/openjdk/sources/jdk8_tl/hotspot/src/share/vm/runtime/stubCodeGenerator.cpp
Compiling /home/openjdk/sources/jdk8_tl/hotspot/src/cpu/x86/vm/stubGenerator_x86_64.cpp
Compiling /home/openjdk/sources/jdk8_tl/hotspot/src/share/vm/runtime/stubRoutines.cpp
Compiling /home/openjdk/sources/jdk8_tl/hotspot/src/os/linux/vm/stubRoutines_linux.cpp
Compiling /home/openjdk/sources/jdk8_tl/hotspot/src/cpu/x86/vm/stubRoutines_x86_64.cpp
Compiling /home/openjdk/sources/jdk8_tl/hotspot/src/share/vm/code/stubs.cpp
Compiling /home/openjdk/sources/jdk8_tl/hotspot/src/share/vm/opto/subnode.cpp
Compiling /home/openjdk/sources/jdk8_tl/hotspot/src/share/vm/opto/superword.cpp
Compiling /home/openjdk/sources/jdk8_tl/hotspot/src/share/vm/gc_implementation/g1/survRateGroup.cpp
Compiling /home/openjdk/sources/jdk8_tl/hotspot/src/share/vm/runtime/sweeper.cpp
Compiling /home/openjdk/sources/jdk8_tl/hotspot/src/share/vm/oops/symbol.cpp
Compiling /home/openjdk/sources/jdk8_tl/hotspot/src/share/vm/classfile/symbolTable.cpp
Compiling /home/openjdk/sources/jdk8_tl/hotspot/src/share/vm/runtime/synchronizer.cpp
Compiling /home/openjdk/sources/jdk8_tl/hotspot/src/share/vm/classfile/systemDictionary.cpp
Compiling /home/openjdk/sources/jdk8_tl/hotspot/src/share/vm/runtime/task.cpp
Compiling /home/openjdk/sources/jdk8_tl/hotspot/src/share/vm/utilities/taskqueue.cpp
Compiling /home/openjdk/sources/jdk8_tl/hotspot/src/share/vm/interpreter/templateInterpreter.cpp
Compiling /home/openjdk/sources/jdk8_tl/hotspot/src/cpu/x86/vm/templateInterpreter_x86_64.cpp
Compiling /home/openjdk/sources/jdk8_tl/hotspot/src/share/vm/interpreter/templateTable.cpp
Compiling /home/openjdk/sources/jdk8_tl/hotspot/src/cpu/x86/vm/templateTable_x86_64.cpp
Compiling /home/openjdk/sources/jdk8_tl/hotspot/src/share/vm/memory/tenuredGeneration.cpp
Compiling /home/openjdk/sources/jdk8_tl/hotspot/src/share/vm/runtime/thread.cpp
Compiling /home/openjdk/sources/jdk8_tl/hotspot/src/os/linux/vm/threadCritical_linux.cpp
Compiling /home/openjdk/sources/jdk8_tl/hotspot/src/os_cpu/linux_x86/vm/threadLS_linux_x86.cpp
Compiling /home/openjdk/sources/jdk8_tl/hotspot/src/share/vm/memory/threadLocalAllocBuffer.cpp
Compiling /home/openjdk/sources/jdk8_tl/hotspot/src/share/vm/runtime/threadLocalStorage.cpp
Compiling /home/openjdk/sources/jdk8_tl/hotspot/src/share/vm/services/threadService.cpp
Compiling /home/openjdk/sources/jdk8_tl/hotspot/src/os_cpu/linux_x86/vm/thread_linux_x86.cpp
Compiling /home/openjdk/sources/jdk8_tl/hotspot/src/share/vm/runtime/timer.cpp
Compiling /home/openjdk/sources/jdk8_tl/hotspot/src/share/vm/opto/type.cpp
Compiling /home/openjdk/sources/jdk8_tl/hotspot/src/share/vm/oops/typeArrayKlass.cpp
Compiling /home/openjdk/sources/jdk8_tl/hotspot/src/share/vm/oops/typeArrayOop.cpp
Compiling /home/openjdk/sources/jdk8_tl/hotspot/src/share/vm/runtime/unhandledOops.cpp
Compiling /home/openjdk/sources/jdk8_tl/hotspot/src/share/vm/memory/universe.cpp
Compiling /home/openjdk/sources/jdk8_tl/hotspot/src/share/vm/prims/unsafe.cpp
Compiling /home/openjdk/sources/jdk8_tl/hotspot/src/share/vm/utilities/utf8.cpp
Compiling /home/openjdk/sources/jdk8_tl/hotspot/src/share/vm/opto/vectornode.cpp
Compiling /home/openjdk/sources/jdk8_tl/hotspot/src/share/vm/libadt/vectset.cpp
Compiling /home/openjdk/sources/jdk8_tl/hotspot/src/share/vm/classfile/verificationType.cpp
Compiling /home/openjdk/sources/jdk8_tl/hotspot/src/share/vm/classfile/verifier.cpp
Compiling /home/openjdk/sources/jdk8_tl/hotspot/src/share/vm/runtime/vframe.cpp
Compiling /home/openjdk/sources/jdk8_tl/hotspot/src/share/vm/runtime/vframeArray.cpp
Compiling /home/openjdk/sources/jdk8_tl/hotspot/src/share/vm/runtime/vframe_hp.cpp
Compiling /home/openjdk/sources/jdk8_tl/hotspot/src/share/vm/runtime/virtualspace.cpp
Compiling /home/openjdk/sources/jdk8_tl/hotspot/src/share/vm/gc_implementation/concurrentMarkSweep/vmCMSOperations.cpp
Compiling /home/openjdk/sources/jdk8_tl/hotspot/src/share/vm/utilities/vmError.cpp
Compiling /home/openjdk/sources/jdk8_tl/hotspot/src/os/linux/vm/vmError_linux.cpp
Compiling /home/openjdk/sources/jdk8_tl/hotspot/src/share/vm/gc_implementation/shared/vmGCOperations.cpp
Compiling /home/openjdk/sources/jdk8_tl/hotspot/src/share/vm/gc_implementation/parallelScavenge/vmPSOperations.cpp
Compiling /home/openjdk/sources/jdk8_tl/hotspot/src/share/vm/runtime/vmStructs.cpp
Compiling /home/openjdk/sources/jdk8_tl/hotspot/src/share/vm/classfile/vmSymbols.cpp
Compiling /home/openjdk/sources/jdk8_tl/hotspot/src/share/vm/runtime/vmThread.cpp
Compiling /home/openjdk/sources/jdk8_tl/hotspot/src/share/vm/runtime/vm_operations.cpp
Compiling /home/openjdk/sources/jdk8_tl/hotspot/src/os_cpu/linux_x86/vm/vm_version_linux_x86.cpp
Compiling /home/openjdk/sources/jdk8_tl/hotspot/src/share/vm/gc_implementation/g1/vm_operations_g1.cpp
Compiling /home/openjdk/sources/jdk8_tl/hotspot/src/cpu/x86/vm/vm_version_x86.cpp
Compiling /home/openjdk/sources/jdk8_tl/hotspot/src/share/vm/code/vmreg.cpp
Compiling /home/openjdk/sources/jdk8_tl/hotspot/src/cpu/x86/vm/vmreg_x86.cpp
Compiling /home/openjdk/sources/jdk8_tl/hotspot/src/share/vm/code/vtableStubs.cpp
Compiling /home/openjdk/sources/jdk8_tl/hotspot/src/cpu/x86/vm/vtableStubs_x86_64.cpp
Compiling /home/openjdk/sources/jdk8_tl/hotspot/src/share/vm/prims/whitebox.cpp
Compiling /home/openjdk/sources/jdk8_tl/hotspot/src/share/vm/utilities/workgroup.cpp
Compiling /home/openjdk/sources/jdk8_tl/hotspot/src/share/vm/utilities/xmlstream.cpp
Compiling /home/openjdk/sources/jdk8_tl/hotspot/src/share/vm/utilities/yieldingWorkgroup.cpp
Making signal interposition lib...
Making SA debugger back-end...
**NOTICE** Dtrace support disabled: /usr/include/sys/sdt.h not found
Compiling /home/openjdk/sources/jdk8_tl/hotspot/src/share/vm/runtime/vm_version.cpp
Linking vm...
Linking launcher...
All done.
INFO: ENABLE_FULL_DEBUG_SYMBOLS=1
INFO: /usr/bin/objcopy cmd found so will create .debuginfo files.
INFO: STRIP_POLICY=min_strip
INFO: ZIP_DEBUGINFO_FILES=1
warning: [options] bootstrap class path not set in conjunction with -source 1.6
1 warning
Generating linux_amd64_docs/jvmti.html
INFO: ENABLE_FULL_DEBUG_SYMBOLS=1
INFO: /usr/bin/objcopy cmd found so will create .debuginfo files.
INFO: STRIP_POLICY=min_strip
INFO: ZIP_DEBUGINFO_FILES=1
## Finished hotspot (build time 00:03:31)

----- Build times -------
Start 2012-12-28 01:27:00
End   2012-12-28 01:30:35
00:03:31 hotspot
00:03:35 TOTAL
-------------------------
Finished building OpenJDK for target 'clean hotspot'
