INFO: ENABLE_FULL_DEBUG_SYMBOLS=1
INFO: /usr/bin/objcopy cmd found so will create .debuginfo files.
INFO: STRIP_POLICY=min_strip
INFO: ZIP_DEBUGINFO_FILES=1
rm -f ../../../build/linux-amd64/tmp/com/javax.swing/.classes.list
rm -f -r ../../../build/linux-amd64/tmp/com/javax.swing/obj64
rm -f -r ../../../build/linux-amd64/tmp/com/javax.swing/obj64_*
rm -f -r ../../../build/linux-amd64/classes/javax/swing
rm -f -r ../../../build/linux-amd64/classes/sun/swing
rm -f -r ../../../build/linux-amd64/classes/com/sun/java/swing
rm -f ../../../build/linux-amd64/tmp/com/javax.swing/.classes.list
Begin Processing SUBDIRS: html32dtd plaf     
INFO: ENABLE_FULL_DEBUG_SYMBOLS=1
INFO: /usr/bin/objcopy cmd found so will create .debuginfo files.
INFO: STRIP_POLICY=min_strip
INFO: ZIP_DEBUGINFO_FILES=1
make[1]: Entering directory `/home/openjdk/sources/jdk8_tl/jdk/make/javax/swing/html32dtd'
rm -f ../../../../build/linux-amd64/tmp/swing/javax/swing/html/parser/.classes.list
rm -f -r ../../../../build/linux-amd64/tmp/swing/javax/swing/html/parser/obj64
rm -f -r ../../../../build/linux-amd64/tmp/swing/javax/swing/html/parser/obj64_*
rm -f -r ../../../../build/linux-amd64/classes/javax/swing/html/parser
rm -f ../../../../build/linux-amd64/tmp/swing/javax/swing/html/parser/.classes.list
make[1]: Leaving directory `/home/openjdk/sources/jdk8_tl/jdk/make/javax/swing/html32dtd'
INFO: ENABLE_FULL_DEBUG_SYMBOLS=1
INFO: /usr/bin/objcopy cmd found so will create .debuginfo files.
INFO: STRIP_POLICY=min_strip
INFO: ZIP_DEBUGINFO_FILES=1
make[1]: Entering directory `/home/openjdk/sources/jdk8_tl/jdk/make/javax/swing/plaf'
rm -f -r ../../../../build/linux-amd64/classes/javax/swing/plaf
rm -f -r ../../../../build/linux-amd64/classes/sun/swing
rm -f -r ../../../../build/linux-amd64/classes/com/sun/java/swing/plaf
rm -f ../../../../build/linux-amd64/tmp/com/javax.swing.plaf/.classes.list
rm -f -r ../../../../build/linux-amd64/gensrc/javax/swing/plaf/nimbus
rm -f ../../../../build/linux-amd64/gensrc/com/sun/swing/internal/plaf/basic/resources/basic.java ../../../../build/linux-amd64/gensrc/com/sun/swing/internal/plaf/metal/resources/metal.java ../../../../build/linux-amd64/gensrc/com/sun/swing/internal/plaf/synth/resources/synth.java ../../../../build/linux-amd64/gensrc/com/sun/java/swing/plaf/motif/resources/motif.java ../../../../build/linux-amd64/gensrc/com/sun/java/swing/plaf/windows/resources/windows.java ../../../../build/linux-amd64/gensrc/com/sun/java/swing/plaf/gtk/resources/gtk.java ../../../../build/linux-amd64/gensrc/com/sun/swing/internal/plaf/basic/resources/basic_de.java ../../../../build/linux-amd64/gensrc/com/sun/swing/internal/plaf/basic/resources/basic_es.java ../../../../build/linux-amd64/gensrc/com/sun/swing/internal/plaf/basic/resources/basic_fr.java ../../../../build/linux-amd64/gensrc/com/sun/swing/internal/plaf/basic/resources/basic_it.java ../../../../build/linux-amd64/gensrc/com/sun/swing/internal/plaf/basic/resources/basic_ja.java ../../../../build/linux-amd64/gensrc/com/sun/swing/internal/plaf/basic/resources/basic_ko.java ../../../../build/linux-amd64/gensrc/com/sun/swing/internal/plaf/basic/resources/basic_pt_BR.java ../../../../build/linux-amd64/gensrc/com/sun/swing/internal/plaf/basic/resources/basic_sv.java ../../../../build/linux-amd64/gensrc/com/sun/swing/internal/plaf/basic/resources/basic_zh_CN.java ../../../../build/linux-amd64/gensrc/com/sun/swing/internal/plaf/basic/resources/basic_zh_TW.java ../../../../build/linux-amd64/gensrc/com/sun/swing/internal/plaf/basic/resources/basic_zh_HK.java ../../../../build/linux-amd64/gensrc/com/sun/swing/internal/plaf/metal/resources/metal_de.java ../../../../build/linux-amd64/gensrc/com/sun/swing/internal/plaf/metal/resources/metal_es.java ../../../../build/linux-amd64/gensrc/com/sun/swing/internal/plaf/metal/resources/metal_fr.java ../../../../build/linux-amd64/gensrc/com/sun/swing/internal/plaf/metal/resources/metal_it.java ../../../../build/linux-amd64/gensrc/com/sun/swing/internal/plaf/metal/resources/metal_ja.java ../../../../build/linux-amd64/gensrc/com/sun/swing/internal/plaf/metal/resources/metal_ko.java ../../../../build/linux-amd64/gensrc/com/sun/swing/internal/plaf/metal/resources/metal_pt_BR.java ../../../../build/linux-amd64/gensrc/com/sun/swing/internal/plaf/metal/resources/metal_sv.java ../../../../build/linux-amd64/gensrc/com/sun/swing/internal/plaf/metal/resources/metal_zh_CN.java ../../../../build/linux-amd64/gensrc/com/sun/swing/internal/plaf/metal/resources/metal_zh_TW.java ../../../../build/linux-amd64/gensrc/com/sun/swing/internal/plaf/metal/resources/metal_zh_HK.java ../../../../build/linux-amd64/gensrc/com/sun/swing/internal/plaf/synth/resources/synth_de.java ../../../../build/linux-amd64/gensrc/com/sun/swing/internal/plaf/synth/resources/synth_es.java ../../../../build/linux-amd64/gensrc/com/sun/swing/internal/plaf/synth/resources/synth_fr.java ../../../../build/linux-amd64/gensrc/com/sun/swing/internal/plaf/synth/resources/synth_it.java ../../../../build/linux-amd64/gensrc/com/sun/swing/internal/plaf/synth/resources/synth_ja.java ../../../../build/linux-amd64/gensrc/com/sun/swing/internal/plaf/synth/resources/synth_ko.java ../../../../build/linux-amd64/gensrc/com/sun/swing/internal/plaf/synth/resources/synth_pt_BR.java ../../../../build/linux-amd64/gensrc/com/sun/swing/internal/plaf/synth/resources/synth_sv.java ../../../../build/linux-amd64/gensrc/com/sun/swing/internal/plaf/synth/resources/synth_zh_CN.java ../../../../build/linux-amd64/gensrc/com/sun/swing/internal/plaf/synth/resources/synth_zh_TW.java ../../../../build/linux-amd64/gensrc/com/sun/swing/internal/plaf/synth/resources/synth_zh_HK.java ../../../../build/linux-amd64/gensrc/com/sun/java/swing/plaf/motif/resources/motif_de.java ../../../../build/linux-amd64/gensrc/com/sun/java/swing/plaf/motif/resources/motif_es.java ../../../../build/linux-amd64/gensrc/com/sun/java/swing/plaf/motif/resources/motif_fr.java ../../../../build/linux-amd64/gensrc/com/sun/java/swing/plaf/motif/resources/motif_it.java ../../../../build/linux-amd64/gensrc/com/sun/java/swing/plaf/motif/resources/motif_ja.java ../../../../build/linux-amd64/gensrc/com/sun/java/swing/plaf/motif/resources/motif_ko.java ../../../../build/linux-amd64/gensrc/com/sun/java/swing/plaf/motif/resources/motif_pt_BR.java ../../../../build/linux-amd64/gensrc/com/sun/java/swing/plaf/motif/resources/motif_sv.java ../../../../build/linux-amd64/gensrc/com/sun/java/swing/plaf/motif/resources/motif_zh_CN.java ../../../../build/linux-amd64/gensrc/com/sun/java/swing/plaf/motif/resources/motif_zh_TW.java ../../../../build/linux-amd64/gensrc/com/sun/java/swing/plaf/motif/resources/motif_zh_HK.java ../../../../build/linux-amd64/gensrc/com/sun/java/swing/plaf/windows/resources/windows_de.java ../../../../build/linux-amd64/gensrc/com/sun/java/swing/plaf/windows/resources/windows_es.java ../../../../build/linux-amd64/gensrc/com/sun/java/swing/plaf/windows/resources/windows_fr.java ../../../../build/linux-amd64/gensrc/com/sun/java/swing/plaf/windows/resources/windows_it.java ../../../../build/linux-amd64/gensrc/com/sun/java/swing/plaf/windows/resources/windows_ja.java ../../../../build/linux-amd64/gensrc/com/sun/java/swing/plaf/windows/resources/windows_ko.java ../../../../build/linux-amd64/gensrc/com/sun/java/swing/plaf/windows/resources/windows_pt_BR.java ../../../../build/linux-amd64/gensrc/com/sun/java/swing/plaf/windows/resources/windows_sv.java ../../../../build/linux-amd64/gensrc/com/sun/java/swing/plaf/windows/resources/windows_zh_CN.java ../../../../build/linux-amd64/gensrc/com/sun/java/swing/plaf/windows/resources/windows_zh_TW.java ../../../../build/linux-amd64/gensrc/com/sun/java/swing/plaf/windows/resources/windows_zh_HK.java ../../../../build/linux-amd64/gensrc/com/sun/java/swing/plaf/gtk/resources/gtk_de.java ../../../../build/linux-amd64/gensrc/com/sun/java/swing/plaf/gtk/resources/gtk_es.java ../../../../build/linux-amd64/gensrc/com/sun/java/swing/plaf/gtk/resources/gtk_fr.java ../../../../build/linux-amd64/gensrc/com/sun/java/swing/plaf/gtk/resources/gtk_it.java ../../../../build/linux-amd64/gensrc/com/sun/java/swing/plaf/gtk/resources/gtk_ja.java ../../../../build/linux-amd64/gensrc/com/sun/java/swing/plaf/gtk/resources/gtk_ko.java ../../../../build/linux-amd64/gensrc/com/sun/java/swing/plaf/gtk/resources/gtk_pt_BR.java ../../../../build/linux-amd64/gensrc/com/sun/java/swing/plaf/gtk/resources/gtk_sv.java ../../../../build/linux-amd64/gensrc/com/sun/java/swing/plaf/gtk/resources/gtk_zh_CN.java ../../../../build/linux-amd64/gensrc/com/sun/java/swing/plaf/gtk/resources/gtk_zh_TW.java ../../../../build/linux-amd64/gensrc/com/sun/java/swing/plaf/gtk/resources/gtk_zh_HK.java ../../../../build/linux-amd64/tmp/com/javax.swing.plaf/compile_prop_options
rm -f ../../../../build/linux-amd64/tmp/com/javax.swing.plaf/.classes.list
rm -f -r ../../../../build/linux-amd64/tmp/com/javax.swing.plaf/obj64
rm -f -r ../../../../build/linux-amd64/tmp/com/javax.swing.plaf/obj64_*
make[1]: Leaving directory `/home/openjdk/sources/jdk8_tl/jdk/make/javax/swing/plaf'
Done Processing SUBDIRS: html32dtd plaf     
