Buildfile: /home/openjdk/sources/jdk8_tl/jdk/make/eclipse/jmx/build.xml

-pre-init:

-tstamp:

-first-init:

-warn-about-bootstrap.jdk:

-project-init:

-post-init:

-init:

-pre-compile:

-build-ant:

-do-build-ant:
    [javac] /home/openjdk/sources/jdk8_tl/jdk/make/eclipse/common/shared.xml:128: warning: 'includeantruntime' was not set, defaulting to build.sysclasspath=last; set to false for repeatable builds
    [javac] Compiling 267 source files to /home/openjdk/sources/jdk8_tl/jdk/build/linux-i586/classes
    [javac] warning: [options] bootstrap class path not set in conjunction with -source 1.7
    [javac] /home/openjdk/sources/jdk8_tl/jdk/src/share/classes/com/sun/jmx/remote/internal/ClientNotifForwarder.java:60: warning: [rawtypes] found raw type: Map
    [javac]     public ClientNotifForwarder(Map env) {
    [javac]                                 ^
    [javac]   missing type arguments for generic class Map<K,V>
    [javac]   where K,V are type-variables:
    [javac]     K extends Object declared in interface Map
    [javac]     V extends Object declared in interface Map
    [javac] /home/openjdk/sources/jdk8_tl/jdk/src/share/classes/com/sun/jmx/remote/internal/ClientNotifForwarder.java:61: warning: [unchecked] unchecked conversion
    [javac]         this(null, env);
    [javac]                    ^
    [javac]   required: Map<String,?>
    [javac]   found:    Map
    [javac] /home/openjdk/sources/jdk8_tl/jdk/src/share/classes/com/sun/jmx/remote/internal/ClientNotifForwarder.java:61: warning: [unchecked] unchecked method invocation: constructor <init> in class ClientNotifForwarder is applied to given types
    [javac]         this(null, env);
    [javac]             ^
    [javac]   required: ClassLoader,Map<String,?>
    [javac]   found: <null>,Map
    [javac] /home/openjdk/sources/jdk8_tl/jdk/src/share/classes/com/sun/jmx/remote/security/MBeanServerFileAccessController.java:286: warning: [cast] redundant cast to Properties
    [javac]             props = (Properties) originalProps;
    [javac]                     ^
    [javac] /home/openjdk/sources/jdk8_tl/jdk/src/share/classes/com/sun/jmx/remote/security/MBeanServerFileAccessController.java:313: warning: [rawtypes] found raw type: Set
    [javac]         final Set principals = s.getPrincipals();
    [javac]               ^
    [javac]   missing type arguments for generic class Set<E>
    [javac]   where E is a type-variable:
    [javac]     E extends Object declared in interface Set
    [javac] /home/openjdk/sources/jdk8_tl/jdk/src/share/classes/com/sun/jmx/remote/security/MBeanServerFileAccessController.java:315: warning: [rawtypes] found raw type: Iterator
    [javac]         for (Iterator i = principals.iterator(); i.hasNext(); ) {
    [javac]              ^
    [javac]   missing type arguments for generic class Iterator<E>
    [javac]   where E is a type-variable:
    [javac]     E extends Object declared in interface Iterator
    [javac] /home/openjdk/sources/jdk8_tl/jdk/src/share/classes/javax/management/remote/rmi/RMIConnector.java:2092: warning: [rawtypes] found raw type: Class
    [javac]                 Class thisClass = RMIConnector.class;
    [javac]                 ^
    [javac]   missing type arguments for generic class Class<T>
    [javac]   where T is a type-variable:
    [javac]     T extends Object declared in class Class
    [javac] /home/openjdk/sources/jdk8_tl/jdk/src/share/classes/javax/management/remote/rmi/RMIConnector.java:2331: warning: [rawtypes] found raw type: Class
    [javac]                 Class thisClass = RMIConnector.class;
    [javac]                 ^
    [javac]   missing type arguments for generic class Class<T>
    [javac]   where T is a type-variable:
    [javac]     T extends Object declared in class Class
    [javac] Note: /home/openjdk/sources/jdk8_tl/jdk/src/share/classes/com/sun/jmx/interceptor/DefaultMBeanServerInterceptor.java uses or overrides a deprecated API.
    [javac] Note: Recompile with -Xlint:deprecation for details.
    [javac] 9 warnings
     [copy] Copying 1 file to /home/openjdk/sources/jdk8_tl/jdk/build/linux-i586/classes

-maybe-do-build-ant-closed:

-build-make:

-rmic-jmx-jrmp:

-check-jmx-iiop-uptodate:
     [echo] jmx-iiop-uptodate=${jmx-iiop-uptodate}

-rmic-jmx-iiop:
     [rmic] RMI Compiling 2 classes to /home/openjdk/sources/jdk8_tl/jdk/build/linux-i586/classes
     [rmic] IIOP has been turned on.

-rmic-jmx:

-post-compile:
      [jar] Building jar: /home/openjdk/sources/jdk8_tl/jdk/dist/lib/jmx.jar

build:

BUILD SUCCESSFUL
Total time: 19 seconds
