java.java
java.java.reflect
java.sun_nio
java.zip
java.security
java.util
java.text.base
java.text.bidi
java.net
java.nio
java.jar
java.awt
java.beans
java.management
java.logging
java.instrument
java.invoke
java.sql
java.rmi
javax.others
javax.security
javax.accessibility
javax.print
javax.swing
javax.swing.plaf
javax.sound
javax.imageio
javax.management
javax.crypto
javax.sql
sun.jar
sun.security.ec
sun.security.other
sun.security.action
sun.security.util
sun.security.krb
sun.security.pkcs
sun.security.smartcardio
sun.security.tools
sun.misc
sun.net.others
sun.net.spi.nameservice.dns
sun.nio.cs
sun.text
sun.util
sun.launcher
sun.audio
sun.pisces
sun.awt
sun.xawt
sun.font
sun.applet
sun.beans
sun.rmi.oldtools
sun.rmi.rmic
sun.rmi.rmi
sun.tracing
sun.nativeascii
sun.serialver
sun.jconsole
com.sun.java.pack
com.sun.java.browser.dom
com.sun.java.browser.net
com.sun.security.auth
com.sun.security.jgss
com.sun.security.sasl
com.sun.security.auth.module
com.sun.net.ssl
com.sun.crypto.provider
com.sun.jndi.toolkit
com.sun.jndi.cosnaming
com.sun.jndi.ldap
com.sun.org.apache.xml
com.sun.rowset
com.sun.net.httpserver
com.sun.tracing
com.sun.tracing.dtrace
com.sun.servicetag
com.sun.nio.sctp
com.sun.demo.jvmti.hprof
com.sun.tools
com.sun.tools.attach
com.oracle.net
org.jcp
sunw
jpda.front
jpda.expr
jpda.tty
jpda.jpda.gui
